2021-03-10 01:14:42,324 DEBUG    root            Loaded Command Group: ['gcloud', 'config']
2021-03-10 01:14:42,327 DEBUG    root            Loaded Command Group: ['gcloud', 'config', 'config_helper']
2021-03-10 01:14:42,329 DEBUG    root            Running [gcloud.config.config-helper] with arguments: [--format: "json"]
2021-03-10 01:14:42,368 DEBUG    google_auth_httplib2 Making request: POST https://oauth2.googleapis.com/token
2021-03-10 01:14:43,862 INFO     root            Display format: "default json"
2021-03-10 01:14:43,862 INFO     ___FILE_ONLY___ {
  "configuration": {
    "active_configuration": "default",
    "properties": {
      "core": {
        "account": "jaehun.lee@woowahan.com",
        "disable_usage_reporting": "False"
      }
    }
  },
  "credential": {
    "access_token": "ya29.a0AfH6SMA8XJyt7bnlxpCY8NI8X7wHD0j8x3hAljAeBC_SSEBKCS0NwEl_m0npO6LNF9Kr-pw8ujikDodAz-No2Ts-GpnG0tuPxlH-wed5GM-ldL3WK58RSKEALaIatTls64jQJKYCILhJiGByc9ILNlnurIbTQO-6SNbR7w",
    "id_token": "eyJhbGciOiJSUzI1NiIsImtpZCI6ImU4NzMyZGIwNjI4NzUxNTU1NjIxM2I4MGFjYmNmZDA4Y2ZiMzAyYTkiLCJ0eXAiOiJKV1QifQ.eyJpc3MiOiJodHRwczovL2FjY291bnRzLmdvb2dsZS5jb20iLCJhenAiOiIzMjU1NTk0MDU1OS5hcHBzLmdvb2dsZXVzZXJjb250ZW50LmNvbSIsImF1ZCI6IjMyNTU1OTQwNTU5LmFwcHMuZ29vZ2xldXNlcmNvbnRlbnQuY29tIiwic3ViIjoiMTE2NDY2MDQxODI0OTQ2Mjk0NzAwIiwiaGQiOiJ3b293YWhhbi5jb20iLCJlbWFpbCI6ImphZWh1bi5sZWVAd29vd2FoYW4uY29tIiwiZW1haWxfdmVyaWZpZWQiOnRydWUsImF0X2hhc2giOiJuV0txbmRUaWlVdDJrcHk0RkRZbE9nIiwiaWF0IjoxNjE1MzA2NDgzLCJleHAiOjE2MTUzMTAwODN9.wh3rlptmuaQ3AviORL3OkFOrRaS0S_1w7seue2bI87YnxiqGP8kIEbEL28mRiUoTRvbsMtt7It6dQmpuvVbxPcQJG7cd77KfEUl_gRVZTRKhN98Jh7-QR8PwHBTpAsjWGTbwOR-1jSRFK0iorT4HjKl33FXeeIJHekhobkweijLV2zZtpKdV8RaXvuQ3divWs094SSP-oaMAhKlCFOiLgO1szzx8tny9HVSxHuySGpxpnF8KcxNJP2XxsyQp0o-FsJtL565WrtNzyEVAMSDyLShbudR8wsNvb8CHrl5yKMcqYI7yHKQv9Q5AnDgHkvSIrOIQiTg93CnQSB8V5q0cyQ",
    "token_expiry": "2021-03-09T17:14:42Z"
  },
  "sentinels": {
    "config_sentinel": "/Users/leejaehoon/.config/gcloud/config_sentinel"
  }
}
2021-03-10 01:14:43,862 INFO     ___FILE_ONLY___ 

2021-03-10 01:14:43,871 DEBUG    root            Metrics reporting process started...
