2021-03-26 11:39:03,703 DEBUG    root            Loaded Command Group: ['gcloud', 'config']
2021-03-26 11:39:03,707 DEBUG    root            Loaded Command Group: ['gcloud', 'config', 'config_helper']
2021-03-26 11:39:03,710 DEBUG    root            Running [gcloud.config.config-helper] with arguments: [--format: "json"]
2021-03-26 11:39:03,747 DEBUG    google_auth_httplib2 Making request: POST https://oauth2.googleapis.com/token
2021-03-26 11:39:04,168 INFO     root            Display format: "default json"
2021-03-26 11:39:04,169 INFO     ___FILE_ONLY___ {
  "configuration": {
    "active_configuration": "default",
    "properties": {
      "core": {
        "account": "jaehun.lee@woowahan.com",
        "disable_usage_reporting": "False"
      }
    }
  },
  "credential": {
    "access_token": "ya29.a0AfH6SMAeGI4I89fVEIgXLukV5XyKQQB4W47det2SY4fEOoiJntYVz-PZ12zL0SeYwS4y6aTGKPK5XWK3SoN0SX5PMziA_3EJULgKLfRxDVjFfk_sWHCYLUZCcE6WtzwOoNvJCMpvxj4sj9h8EyLuRIL9Qe2rVj6x0I0CfQ",
    "id_token": "eyJhbGciOiJSUzI1NiIsImtpZCI6IjEzZThkNDVhNDNjYjIyNDIxNTRjN2Y0ZGFmYWMyOTMzZmVhMjAzNzQiLCJ0eXAiOiJKV1QifQ.eyJpc3MiOiJodHRwczovL2FjY291bnRzLmdvb2dsZS5jb20iLCJhenAiOiIzMjU1NTk0MDU1OS5hcHBzLmdvb2dsZXVzZXJjb250ZW50LmNvbSIsImF1ZCI6IjMyNTU1OTQwNTU5LmFwcHMuZ29vZ2xldXNlcmNvbnRlbnQuY29tIiwic3ViIjoiMTE2NDY2MDQxODI0OTQ2Mjk0NzAwIiwiaGQiOiJ3b293YWhhbi5jb20iLCJlbWFpbCI6ImphZWh1bi5sZWVAd29vd2FoYW4uY29tIiwiZW1haWxfdmVyaWZpZWQiOnRydWUsImF0X2hhc2giOiJDeER4amV1VFpNQ3dvMEw4WDhRNVJRIiwiaWF0IjoxNjE2NzI2MzQ0LCJleHAiOjE2MTY3Mjk5NDR9.bejD4lF1Z0WFfJmIHGzFwfeWdFYaIzIXU1WaoHRft71iS0NxRpdQXq2V9yrSN5k3URKWng_fUv2vAtwZYGE70JT36WsGKC2GcSjw4_vqoPWPQD77SLI7G-Ipxf2HmZn1vQ014W5YBwKD5ykqm8uQP7g-SGUSCBBeSIdKGfUaUQrGbf9tf0b9ZPAUKMYYelSP1uMYt-ASBN147mwF9R0c_-ix_d3vAnYC1bGWh0lhuzshWMRUfe9cXUi_6FnfADXP3RdxE3t5QztzVbXlqcpBftHzs1P8FolEJRlj5pdK7UNv8En6QMnx_w952aVUCXifMILmtd7FSbirD9ZLysISjQ",
    "token_expiry": "2021-03-26T03:39:03Z"
  },
  "sentinels": {
    "config_sentinel": "/Users/leejaehoon/.config/gcloud/config_sentinel"
  }
}
2021-03-26 11:39:04,169 INFO     ___FILE_ONLY___ 

2021-03-26 11:39:04,182 DEBUG    root            Metrics reporting process started...
