2021-03-21 00:29:06,640 DEBUG    root            Loaded Command Group: ['gcloud', 'config']
2021-03-21 00:29:06,647 DEBUG    root            Loaded Command Group: ['gcloud', 'config', 'config_helper']
2021-03-21 00:29:06,649 DEBUG    root            Running [gcloud.config.config-helper] with arguments: [--format: "json"]
2021-03-21 00:29:06,666 DEBUG    google_auth_httplib2 Making request: POST https://oauth2.googleapis.com/token
2021-03-21 00:29:06,994 INFO     root            Display format: "default json"
2021-03-21 00:29:06,994 INFO     ___FILE_ONLY___ {
  "configuration": {
    "active_configuration": "default",
    "properties": {
      "core": {
        "account": "jaehun.lee@woowahan.com",
        "disable_usage_reporting": "False"
      }
    }
  },
  "credential": {
    "access_token": "ya29.a0AfH6SMDoRHMTNY__v3eRMtrRl3qjeCcDOSERyuvV5fVdftfPpKrG80-uBPfnQEZJH7nRyEVeC4efln88oEwbeT2LaPvMzHL0YyuC7SOYF0eVwUpCh-KBbuXJq6BqtALjfZhORl_xbD9ZTAJixCrjjiE38_XAA_Dj3tIwbA",
    "id_token": "eyJhbGciOiJSUzI1NiIsImtpZCI6IjZhOGJhNTY1MmE3MDQ0MTIxZDRmZWRhYzhmMTRkMTRjNTRlNDg5NWIiLCJ0eXAiOiJKV1QifQ.eyJpc3MiOiJodHRwczovL2FjY291bnRzLmdvb2dsZS5jb20iLCJhenAiOiIzMjU1NTk0MDU1OS5hcHBzLmdvb2dsZXVzZXJjb250ZW50LmNvbSIsImF1ZCI6IjMyNTU1OTQwNTU5LmFwcHMuZ29vZ2xldXNlcmNvbnRlbnQuY29tIiwic3ViIjoiMTE2NDY2MDQxODI0OTQ2Mjk0NzAwIiwiaGQiOiJ3b293YWhhbi5jb20iLCJlbWFpbCI6ImphZWh1bi5sZWVAd29vd2FoYW4uY29tIiwiZW1haWxfdmVyaWZpZWQiOnRydWUsImF0X2hhc2giOiJrTkZwU29OU3plVW9GR1VDNmlQbU1BIiwiaWF0IjoxNjE2MjU0MTQ3LCJleHAiOjE2MTYyNTc3NDd9.bjyjiMjZqBH2KgwmvigEDZpz_Y0LBi5fRRApoQQML5epcPt5bKiLDVDzTl5O_n2WcFIdc9jiTVHDMuCzS1CQ8mo0hhugOKOy0IzebHvQaQrXWEGhq_H2qXqoIi6DYf_8NQSWCWN5tXD5OZBy8CCytC1qmmMiABVbxfUyL9PwWaBpwf05mR79KOhA9yt6fOTMViJLYHfFsTM4GHdC12qMzKfKofBKvQKeas-vVe714ZUelpc9eU2GFbI_UfOT77Dwbxn60ksulW4GSEyfSp9kYg5Ubhi4xa1SdOhzUnbbS8SFrwwALr6zxtQmlBnw5GxuT2FsHneM2eyg2nAHEbX82g",
    "token_expiry": "2021-03-20T16:29:05Z"
  },
  "sentinels": {
    "config_sentinel": "/Users/leejaehoon/.config/gcloud/config_sentinel"
  }
}
2021-03-21 00:29:06,995 INFO     ___FILE_ONLY___ 

2021-03-21 00:29:07,005 DEBUG    root            Metrics reporting process started...
