2021-03-25 14:25:51,386 DEBUG    root            Loaded Command Group: ['gcloud', 'compute']
2021-03-25 14:25:51,389 DEBUG    root            Loaded Command Group: ['gcloud', 'compute', 'disks']
2021-03-25 14:25:51,392 ERROR    root            (gcloud.compute.disks) Command name argument expected.
2021-03-25 14:25:51,522 DEBUG    root            Loaded Command Group: ['gcloud', 'compute', 'disks', 'set_iam_policy']
2021-03-25 14:25:51,533 DEBUG    root            Loaded Command Group: ['gcloud', 'compute', 'disks', 'remove_resource_policies']
2021-03-25 14:25:51,536 DEBUG    root            Loaded Command Group: ['gcloud', 'compute', 'disks', 'describe']
2021-03-25 14:25:51,540 DEBUG    root            Loaded Command Group: ['gcloud', 'compute', 'disks', 'snapshot']
2021-03-25 14:25:51,543 DEBUG    root            Loaded Command Group: ['gcloud', 'compute', 'disks', 'create']
2021-03-25 14:25:51,579 DEBUG    root            Loaded Command Group: ['gcloud', 'compute', 'disks', 'add_iam_policy_binding']
2021-03-25 14:25:51,595 DEBUG    root            Loaded Command Group: ['gcloud', 'compute', 'disks', 'get_iam_policy']
2021-03-25 14:25:51,600 DEBUG    root            Loaded Command Group: ['gcloud', 'compute', 'disks', 'add_resource_policies']
2021-03-25 14:25:51,604 DEBUG    root            Loaded Command Group: ['gcloud', 'compute', 'disks', 'remove_labels']
2021-03-25 14:25:51,607 DEBUG    root            Loaded Command Group: ['gcloud', 'compute', 'disks', 'add_labels']
2021-03-25 14:25:51,610 DEBUG    root            Loaded Command Group: ['gcloud', 'compute', 'disks', 'update']
2021-03-25 14:25:51,613 DEBUG    root            Loaded Command Group: ['gcloud', 'compute', 'disks', 'move']
2021-03-25 14:25:51,615 DEBUG    root            Loaded Command Group: ['gcloud', 'compute', 'disks', 'delete']
2021-03-25 14:25:51,618 DEBUG    root            Loaded Command Group: ['gcloud', 'compute', 'disks', 'list']
2021-03-25 14:25:51,622 DEBUG    root            Loaded Command Group: ['gcloud', 'compute', 'disks', 'resize']
2021-03-25 14:25:51,639 DEBUG    root            Loaded Command Group: ['gcloud', 'compute', 'disks', 'remove_iam_policy_binding']
2021-03-25 14:25:51,654 DEBUG    root            Metrics reporting process started...
