2021-03-25 14:27:26,824 DEBUG    root            Loaded Command Group: ['gcloud', 'compute']
2021-03-25 14:27:26,827 DEBUG    root            Loaded Command Group: ['gcloud', 'compute', 'disks']
2021-03-25 14:27:26,829 ERROR    root            (gcloud.compute.disks) Command name argument expected.
2021-03-25 14:27:26,943 DEBUG    root            Loaded Command Group: ['gcloud', 'compute', 'disks', 'get_iam_policy']
2021-03-25 14:27:26,959 DEBUG    root            Loaded Command Group: ['gcloud', 'compute', 'disks', 'add_iam_policy_binding']
2021-03-25 14:27:26,966 DEBUG    root            Loaded Command Group: ['gcloud', 'compute', 'disks', 'update']
2021-03-25 14:27:26,978 DEBUG    root            Loaded Command Group: ['gcloud', 'compute', 'disks', 'set_iam_policy']
2021-03-25 14:27:26,981 DEBUG    root            Loaded Command Group: ['gcloud', 'compute', 'disks', 'add_resource_policies']
2021-03-25 14:27:26,982 DEBUG    root            Loaded Command Group: ['gcloud', 'compute', 'disks', 'resize']
2021-03-25 14:27:26,984 DEBUG    root            Loaded Command Group: ['gcloud', 'compute', 'disks', 'move']
2021-03-25 14:27:26,996 DEBUG    root            Loaded Command Group: ['gcloud', 'compute', 'disks', 'remove_iam_policy_binding']
2021-03-25 14:27:27,000 DEBUG    root            Loaded Command Group: ['gcloud', 'compute', 'disks', 'remove_labels']
2021-03-25 14:27:27,001 DEBUG    root            Loaded Command Group: ['gcloud', 'compute', 'disks', 'remove_resource_policies']
2021-03-25 14:27:27,003 DEBUG    root            Loaded Command Group: ['gcloud', 'compute', 'disks', 'snapshot']
2021-03-25 14:27:27,004 DEBUG    root            Loaded Command Group: ['gcloud', 'compute', 'disks', 'delete']
2021-03-25 14:27:27,006 DEBUG    root            Loaded Command Group: ['gcloud', 'compute', 'disks', 'create']
2021-03-25 14:27:27,021 DEBUG    root            Loaded Command Group: ['gcloud', 'compute', 'disks', 'describe']
2021-03-25 14:27:27,022 DEBUG    root            Loaded Command Group: ['gcloud', 'compute', 'disks', 'list']
2021-03-25 14:27:27,024 DEBUG    root            Loaded Command Group: ['gcloud', 'compute', 'disks', 'add_labels']
2021-03-25 14:27:27,034 DEBUG    root            Metrics reporting process started...
