2021-03-25 15:05:54,746 DEBUG    root            Loaded Command Group: ['gcloud', 'compute']
2021-03-25 15:05:54,749 DEBUG    root            Loaded Command Group: ['gcloud', 'compute', 'disks']
2021-03-25 15:05:54,757 DEBUG    root            Loaded Command Group: ['gcloud', 'compute', 'disks', 'list']
2021-03-25 15:05:54,760 DEBUG    root            Running [gcloud.compute.disks.list] with arguments: [--project: "gke-study-306607"]
2021-03-25 15:05:54,851 INFO     root            Display format: "
    table(
      name,
      location(),
      location_scope(),
      sizeGb,
      type.basename(),
      status
      )"
2021-03-25 15:05:55,592 INFO     root            cache collection=compute.disks api_version=v1 params=['project', 'zone', 'disk']
2021-03-25 15:05:55,619 INFO     ___FILE_ONLY___ NAME
2021-03-25 15:05:55,619 INFO     ___FILE_ONLY___                                                              
2021-03-25 15:05:55,619 INFO     ___FILE_ONLY___ LOCATION
2021-03-25 15:05:55,619 INFO     ___FILE_ONLY___            
2021-03-25 15:05:55,619 INFO     ___FILE_ONLY___ LOCATION_SCOPE
2021-03-25 15:05:55,619 INFO     ___FILE_ONLY___   
2021-03-25 15:05:55,620 INFO     ___FILE_ONLY___ SIZE_GB
2021-03-25 15:05:55,620 INFO     ___FILE_ONLY___   
2021-03-25 15:05:55,620 INFO     ___FILE_ONLY___ TYPE
2021-03-25 15:05:55,620 INFO     ___FILE_ONLY___          
2021-03-25 15:05:55,620 INFO     ___FILE_ONLY___ STATUS
2021-03-25 15:05:55,620 INFO     ___FILE_ONLY___ 

2021-03-25 15:05:55,620 INFO     ___FILE_ONLY___ gke-dark-k8s-cluster-e-pvc-e27cfbca-1925-410c-9c3b-09503c439400
2021-03-25 15:05:55,620 INFO     ___FILE_ONLY___   
2021-03-25 15:05:55,620 INFO     ___FILE_ONLY___ asia-northeast2-a
2021-03-25 15:05:55,620 INFO     ___FILE_ONLY___   
2021-03-25 15:05:55,621 INFO     ___FILE_ONLY___ zone
2021-03-25 15:05:55,621 INFO     ___FILE_ONLY___             
2021-03-25 15:05:55,621 INFO     ___FILE_ONLY___ 1
2021-03-25 15:05:55,621 INFO     ___FILE_ONLY___         
2021-03-25 15:05:55,621 INFO     ___FILE_ONLY___ pd-standard
2021-03-25 15:05:55,621 INFO     ___FILE_ONLY___   
2021-03-25 15:05:55,621 INFO     ___FILE_ONLY___ READY
2021-03-25 15:05:55,621 INFO     ___FILE_ONLY___ 

2021-03-25 15:05:55,621 INFO     ___FILE_ONLY___ mongodb
2021-03-25 15:05:55,621 INFO     ___FILE_ONLY___                                                           
2021-03-25 15:05:55,622 INFO     ___FILE_ONLY___ asia-northeast2-a
2021-03-25 15:05:55,622 INFO     ___FILE_ONLY___   
2021-03-25 15:05:55,622 INFO     ___FILE_ONLY___ zone
2021-03-25 15:05:55,622 INFO     ___FILE_ONLY___             
2021-03-25 15:05:55,622 INFO     ___FILE_ONLY___ 10
2021-03-25 15:05:55,622 INFO     ___FILE_ONLY___        
2021-03-25 15:05:55,622 INFO     ___FILE_ONLY___ pd-balanced
2021-03-25 15:05:55,622 INFO     ___FILE_ONLY___   
2021-03-25 15:05:55,622 INFO     ___FILE_ONLY___ READY
2021-03-25 15:05:55,622 INFO     ___FILE_ONLY___ 

2021-03-25 15:05:55,623 INFO     ___FILE_ONLY___ gce-persistent-volume
2021-03-25 15:05:55,623 INFO     ___FILE_ONLY___                                             
2021-03-25 15:05:55,623 INFO     ___FILE_ONLY___ asia-northeast3-a
2021-03-25 15:05:55,623 INFO     ___FILE_ONLY___   
2021-03-25 15:05:55,623 INFO     ___FILE_ONLY___ zone
2021-03-25 15:05:55,623 INFO     ___FILE_ONLY___             
2021-03-25 15:05:55,623 INFO     ___FILE_ONLY___ 10
2021-03-25 15:05:55,624 INFO     ___FILE_ONLY___        
2021-03-25 15:05:55,624 INFO     ___FILE_ONLY___ pd-standard
2021-03-25 15:05:55,624 INFO     ___FILE_ONLY___   
2021-03-25 15:05:55,624 INFO     ___FILE_ONLY___ READY
2021-03-25 15:05:55,624 INFO     ___FILE_ONLY___ 

2021-03-25 15:05:55,624 INFO     ___FILE_ONLY___ gke-cluster-1-95869944-pvc-26b78fd7-4691-4846-91e3-bb775291a4c2
2021-03-25 15:05:55,624 INFO     ___FILE_ONLY___   
2021-03-25 15:05:55,624 INFO     ___FILE_ONLY___ asia-northeast3-a
2021-03-25 15:05:55,625 INFO     ___FILE_ONLY___   
2021-03-25 15:05:55,625 INFO     ___FILE_ONLY___ zone
2021-03-25 15:05:55,625 INFO     ___FILE_ONLY___             
2021-03-25 15:05:55,625 INFO     ___FILE_ONLY___ 10
2021-03-25 15:05:55,625 INFO     ___FILE_ONLY___        
2021-03-25 15:05:55,625 INFO     ___FILE_ONLY___ pd-standard
2021-03-25 15:05:55,625 INFO     ___FILE_ONLY___   
2021-03-25 15:05:55,625 INFO     ___FILE_ONLY___ READY
2021-03-25 15:05:55,625 INFO     ___FILE_ONLY___ 

2021-03-25 15:05:55,625 INFO     ___FILE_ONLY___ gke-cluster-1-95869944-pvc-934ca16b-86ec-40a6-8129-ec1c3cb018ed
2021-03-25 15:05:55,625 INFO     ___FILE_ONLY___   
2021-03-25 15:05:55,625 INFO     ___FILE_ONLY___ asia-northeast3-a
2021-03-25 15:05:55,626 INFO     ___FILE_ONLY___   
2021-03-25 15:05:55,626 INFO     ___FILE_ONLY___ zone
2021-03-25 15:05:55,626 INFO     ___FILE_ONLY___             
2021-03-25 15:05:55,626 INFO     ___FILE_ONLY___ 10
2021-03-25 15:05:55,626 INFO     ___FILE_ONLY___        
2021-03-25 15:05:55,626 INFO     ___FILE_ONLY___ pd-standard
2021-03-25 15:05:55,626 INFO     ___FILE_ONLY___   
2021-03-25 15:05:55,626 INFO     ___FILE_ONLY___ READY
2021-03-25 15:05:55,626 INFO     ___FILE_ONLY___ 

2021-03-25 15:05:55,626 INFO     ___FILE_ONLY___ gke-dark-k8s-default-pool-00a51e6a-bs8t
2021-03-25 15:05:55,626 INFO     ___FILE_ONLY___                           
2021-03-25 15:05:55,626 INFO     ___FILE_ONLY___ asia-northeast3-a
2021-03-25 15:05:55,627 INFO     ___FILE_ONLY___   
2021-03-25 15:05:55,627 INFO     ___FILE_ONLY___ zone
2021-03-25 15:05:55,627 INFO     ___FILE_ONLY___             
2021-03-25 15:05:55,627 INFO     ___FILE_ONLY___ 100
2021-03-25 15:05:55,627 INFO     ___FILE_ONLY___       
2021-03-25 15:05:55,627 INFO     ___FILE_ONLY___ pd-standard
2021-03-25 15:05:55,627 INFO     ___FILE_ONLY___   
2021-03-25 15:05:55,627 INFO     ___FILE_ONLY___ READY
2021-03-25 15:05:55,627 INFO     ___FILE_ONLY___ 

2021-03-25 15:05:55,627 INFO     ___FILE_ONLY___ gke-jaehun-k8s-cluster-1-default-pool-7c055163-gcv7
2021-03-25 15:05:55,627 INFO     ___FILE_ONLY___               
2021-03-25 15:05:55,628 INFO     ___FILE_ONLY___ asia-northeast3-a
2021-03-25 15:05:55,628 INFO     ___FILE_ONLY___   
2021-03-25 15:05:55,628 INFO     ___FILE_ONLY___ zone
2021-03-25 15:05:55,628 INFO     ___FILE_ONLY___             
2021-03-25 15:05:55,628 INFO     ___FILE_ONLY___ 100
2021-03-25 15:05:55,628 INFO     ___FILE_ONLY___       
2021-03-25 15:05:55,628 INFO     ___FILE_ONLY___ pd-standard
2021-03-25 15:05:55,628 INFO     ___FILE_ONLY___   
2021-03-25 15:05:55,628 INFO     ___FILE_ONLY___ READY
2021-03-25 15:05:55,628 INFO     ___FILE_ONLY___ 

2021-03-25 15:05:55,628 INFO     ___FILE_ONLY___ gke-jaehun-k8s-cluster-1-default-pool-7c055163-q5xl
2021-03-25 15:05:55,629 INFO     ___FILE_ONLY___               
2021-03-25 15:05:55,629 INFO     ___FILE_ONLY___ asia-northeast3-a
2021-03-25 15:05:55,629 INFO     ___FILE_ONLY___   
2021-03-25 15:05:55,629 INFO     ___FILE_ONLY___ zone
2021-03-25 15:05:55,629 INFO     ___FILE_ONLY___             
2021-03-25 15:05:55,629 INFO     ___FILE_ONLY___ 100
2021-03-25 15:05:55,629 INFO     ___FILE_ONLY___       
2021-03-25 15:05:55,629 INFO     ___FILE_ONLY___ pd-standard
2021-03-25 15:05:55,629 INFO     ___FILE_ONLY___   
2021-03-25 15:05:55,629 INFO     ___FILE_ONLY___ READY
2021-03-25 15:05:55,629 INFO     ___FILE_ONLY___ 

2021-03-25 15:05:55,630 INFO     ___FILE_ONLY___ gke-jaehun-k8s-cluster-1-default-pool-7c055163-xqqq
2021-03-25 15:05:55,630 INFO     ___FILE_ONLY___               
2021-03-25 15:05:55,630 INFO     ___FILE_ONLY___ asia-northeast3-a
2021-03-25 15:05:55,630 INFO     ___FILE_ONLY___   
2021-03-25 15:05:55,630 INFO     ___FILE_ONLY___ zone
2021-03-25 15:05:55,630 INFO     ___FILE_ONLY___             
2021-03-25 15:05:55,630 INFO     ___FILE_ONLY___ 100
2021-03-25 15:05:55,630 INFO     ___FILE_ONLY___       
2021-03-25 15:05:55,630 INFO     ___FILE_ONLY___ pd-standard
2021-03-25 15:05:55,630 INFO     ___FILE_ONLY___   
2021-03-25 15:05:55,630 INFO     ___FILE_ONLY___ READY
2021-03-25 15:05:55,631 INFO     ___FILE_ONLY___ 

2021-03-25 15:05:55,631 INFO     ___FILE_ONLY___ gke-sjwoo-cluster-default-pool-25c15d9a-s131
2021-03-25 15:05:55,631 INFO     ___FILE_ONLY___                      
2021-03-25 15:05:55,631 INFO     ___FILE_ONLY___ asia-northeast3-a
2021-03-25 15:05:55,631 INFO     ___FILE_ONLY___   
2021-03-25 15:05:55,631 INFO     ___FILE_ONLY___ zone
2021-03-25 15:05:55,631 INFO     ___FILE_ONLY___             
2021-03-25 15:05:55,631 INFO     ___FILE_ONLY___ 100
2021-03-25 15:05:55,631 INFO     ___FILE_ONLY___       
2021-03-25 15:05:55,631 INFO     ___FILE_ONLY___ pd-standard
2021-03-25 15:05:55,631 INFO     ___FILE_ONLY___   
2021-03-25 15:05:55,632 INFO     ___FILE_ONLY___ READY
2021-03-25 15:05:55,632 INFO     ___FILE_ONLY___ 

2021-03-25 15:05:55,632 INFO     ___FILE_ONLY___ jaehun-persistent-disk
2021-03-25 15:05:55,632 INFO     ___FILE_ONLY___                                            
2021-03-25 15:05:55,632 INFO     ___FILE_ONLY___ asia-northeast3-a
2021-03-25 15:05:55,632 INFO     ___FILE_ONLY___   
2021-03-25 15:05:55,632 INFO     ___FILE_ONLY___ zone
2021-03-25 15:05:55,632 INFO     ___FILE_ONLY___             
2021-03-25 15:05:55,632 INFO     ___FILE_ONLY___ 10
2021-03-25 15:05:55,632 INFO     ___FILE_ONLY___        
2021-03-25 15:05:55,632 INFO     ___FILE_ONLY___ pd-standard
2021-03-25 15:05:55,633 INFO     ___FILE_ONLY___   
2021-03-25 15:05:55,633 INFO     ___FILE_ONLY___ READY
2021-03-25 15:05:55,633 INFO     ___FILE_ONLY___ 

2021-03-25 15:05:55,633 INFO     ___FILE_ONLY___ jaehun-statefulset-pv-a
2021-03-25 15:05:55,633 INFO     ___FILE_ONLY___                                           
2021-03-25 15:05:55,633 INFO     ___FILE_ONLY___ asia-northeast3-a
2021-03-25 15:05:55,633 INFO     ___FILE_ONLY___   
2021-03-25 15:05:55,633 INFO     ___FILE_ONLY___ zone
2021-03-25 15:05:55,633 INFO     ___FILE_ONLY___             
2021-03-25 15:05:55,633 INFO     ___FILE_ONLY___ 10
2021-03-25 15:05:55,633 INFO     ___FILE_ONLY___        
2021-03-25 15:05:55,633 INFO     ___FILE_ONLY___ pd-standard
2021-03-25 15:05:55,634 INFO     ___FILE_ONLY___   
2021-03-25 15:05:55,634 INFO     ___FILE_ONLY___ READY
2021-03-25 15:05:55,634 INFO     ___FILE_ONLY___ 

2021-03-25 15:05:55,634 INFO     ___FILE_ONLY___ jaehun-statefulset-pv-b
2021-03-25 15:05:55,634 INFO     ___FILE_ONLY___                                           
2021-03-25 15:05:55,634 INFO     ___FILE_ONLY___ asia-northeast3-a
2021-03-25 15:05:55,634 INFO     ___FILE_ONLY___   
2021-03-25 15:05:55,634 INFO     ___FILE_ONLY___ zone
2021-03-25 15:05:55,634 INFO     ___FILE_ONLY___             
2021-03-25 15:05:55,634 INFO     ___FILE_ONLY___ 10
2021-03-25 15:05:55,634 INFO     ___FILE_ONLY___        
2021-03-25 15:05:55,635 INFO     ___FILE_ONLY___ pd-standard
2021-03-25 15:05:55,635 INFO     ___FILE_ONLY___   
2021-03-25 15:05:55,635 INFO     ___FILE_ONLY___ READY
2021-03-25 15:05:55,635 INFO     ___FILE_ONLY___ 

2021-03-25 15:05:55,635 INFO     ___FILE_ONLY___ jaehun-statefulset-pv-c
2021-03-25 15:05:55,635 INFO     ___FILE_ONLY___                                           
2021-03-25 15:05:55,635 INFO     ___FILE_ONLY___ asia-northeast3-a
2021-03-25 15:05:55,635 INFO     ___FILE_ONLY___   
2021-03-25 15:05:55,635 INFO     ___FILE_ONLY___ zone
2021-03-25 15:05:55,635 INFO     ___FILE_ONLY___             
2021-03-25 15:05:55,635 INFO     ___FILE_ONLY___ 10
2021-03-25 15:05:55,635 INFO     ___FILE_ONLY___        
2021-03-25 15:05:55,636 INFO     ___FILE_ONLY___ pd-standard
2021-03-25 15:05:55,636 INFO     ___FILE_ONLY___   
2021-03-25 15:05:55,636 INFO     ___FILE_ONLY___ READY
2021-03-25 15:05:55,636 INFO     ___FILE_ONLY___ 

2021-03-25 15:05:55,636 INFO     ___FILE_ONLY___ gke-kyucumber-kyucumber-pool-4d04e069-4rjt
2021-03-25 15:05:55,636 INFO     ___FILE_ONLY___                        
2021-03-25 15:05:55,636 INFO     ___FILE_ONLY___ asia-northeast3-c
2021-03-25 15:05:55,636 INFO     ___FILE_ONLY___   
2021-03-25 15:05:55,636 INFO     ___FILE_ONLY___ zone
2021-03-25 15:05:55,636 INFO     ___FILE_ONLY___             
2021-03-25 15:05:55,636 INFO     ___FILE_ONLY___ 100
2021-03-25 15:05:55,637 INFO     ___FILE_ONLY___       
2021-03-25 15:05:55,637 INFO     ___FILE_ONLY___ pd-standard
2021-03-25 15:05:55,637 INFO     ___FILE_ONLY___   
2021-03-25 15:05:55,637 INFO     ___FILE_ONLY___ READY
2021-03-25 15:05:55,637 INFO     ___FILE_ONLY___ 

2021-03-25 15:05:55,649 DEBUG    root            Metrics reporting process started...
