2021-03-20 21:12:21,588 DEBUG    root            Loaded Command Group: ['gcloud', 'config']
2021-03-20 21:12:21,593 DEBUG    root            Loaded Command Group: ['gcloud', 'config', 'config_helper']
2021-03-20 21:12:21,596 DEBUG    root            Running [gcloud.config.config-helper] with arguments: [--format: "json"]
2021-03-20 21:12:21,612 DEBUG    google_auth_httplib2 Making request: POST https://oauth2.googleapis.com/token
2021-03-20 21:12:22,043 INFO     root            Display format: "default json"
2021-03-20 21:12:22,043 INFO     ___FILE_ONLY___ {
  "configuration": {
    "active_configuration": "default",
    "properties": {
      "core": {
        "account": "jaehun.lee@woowahan.com",
        "disable_usage_reporting": "False"
      }
    }
  },
  "credential": {
    "access_token": "ya29.a0AfH6SMDH1CR8sNLS0zSqCiOGYjJ6J91IpZV2P6SLsAL63UmpFfuksXse926VDgKytZ1SbTQJ6fryuzhaP8NEj0MSLlOvcY-NsDGNdw-Xrz8AWfZdR7SdmqFsPJLrHBjDJYk9hN9aXvKC_FKXULb66_EEyWwiR-mVI4Q9",
    "id_token": "eyJhbGciOiJSUzI1NiIsImtpZCI6IjZhOGJhNTY1MmE3MDQ0MTIxZDRmZWRhYzhmMTRkMTRjNTRlNDg5NWIiLCJ0eXAiOiJKV1QifQ.eyJpc3MiOiJodHRwczovL2FjY291bnRzLmdvb2dsZS5jb20iLCJhenAiOiIzMjU1NTk0MDU1OS5hcHBzLmdvb2dsZXVzZXJjb250ZW50LmNvbSIsImF1ZCI6IjMyNTU1OTQwNTU5LmFwcHMuZ29vZ2xldXNlcmNvbnRlbnQuY29tIiwic3ViIjoiMTE2NDY2MDQxODI0OTQ2Mjk0NzAwIiwiaGQiOiJ3b293YWhhbi5jb20iLCJlbWFpbCI6ImphZWh1bi5sZWVAd29vd2FoYW4uY29tIiwiZW1haWxfdmVyaWZpZWQiOnRydWUsImF0X2hhc2giOiJfTlpJQl9ON2VrVEtwODFRcW5DTTh3IiwiaWF0IjoxNjE2MjQyMzQyLCJleHAiOjE2MTYyNDU5NDJ9.ksF4WJRMn8NMvHThlmZOm5869AD36B6R3bOiIwGYy4nvm7u93r6i7n0bFZ-yRZxbGkjWX2pV5NEOOHZ7qli6_RtLLQdpRLviFfB6YephkKykMUNiuEJQpAJ3Wc_TJlRElkXS7b6eduUvAyn_mm1efBELB--5MXQNq8CImOd020wZYNpb-QRGb56fxj4lHorl4pBapJdMIcIseNN4GwdbvhuQDx3ELbWu2tc8eT1QkmZ0Wie7WWdOn6KnN9KbIz7M0eSvFfAdn2qoNfBbyAzKGMqeY9rfrn9sSyHBkRW3_MDFm7Gfsf-vo0l2Bep6GHwnUYt_xLbHTNQMKKn2Bq9f_w",
    "token_expiry": "2021-03-20T13:12:21Z"
  },
  "sentinels": {
    "config_sentinel": "/Users/leejaehoon/.config/gcloud/config_sentinel"
  }
}
2021-03-20 21:12:22,043 INFO     ___FILE_ONLY___ 

2021-03-20 21:12:22,052 DEBUG    root            Metrics reporting process started...
