2021-03-20 22:12:14,728 DEBUG    root            Loaded Command Group: ['gcloud', 'config']
2021-03-20 22:12:14,735 DEBUG    root            Loaded Command Group: ['gcloud', 'config', 'config_helper']
2021-03-20 22:12:14,737 DEBUG    root            Running [gcloud.config.config-helper] with arguments: [--format: "json"]
2021-03-20 22:12:14,755 DEBUG    google_auth_httplib2 Making request: POST https://oauth2.googleapis.com/token
2021-03-20 22:12:15,073 INFO     root            Display format: "default json"
2021-03-20 22:12:15,073 INFO     ___FILE_ONLY___ {
  "configuration": {
    "active_configuration": "default",
    "properties": {
      "core": {
        "account": "jaehun.lee@woowahan.com",
        "disable_usage_reporting": "False"
      }
    }
  },
  "credential": {
    "access_token": "ya29.a0AfH6SMDsXnxBZrh3q3DW8lKCEyxkACC9aEeeNMV0jlXluKbE7B7Dx-XoKFOGvclsQqjgcizoq8AQnBPwTN0yJZhSXgFUUKoqMGVm9KHlpimUmZu50iY_Mw3i1vkHpJfll_crPqohtBclYOixLh4PIa50uQPNnRMVEig3",
    "id_token": "eyJhbGciOiJSUzI1NiIsImtpZCI6IjZhOGJhNTY1MmE3MDQ0MTIxZDRmZWRhYzhmMTRkMTRjNTRlNDg5NWIiLCJ0eXAiOiJKV1QifQ.eyJpc3MiOiJodHRwczovL2FjY291bnRzLmdvb2dsZS5jb20iLCJhenAiOiIzMjU1NTk0MDU1OS5hcHBzLmdvb2dsZXVzZXJjb250ZW50LmNvbSIsImF1ZCI6IjMyNTU1OTQwNTU5LmFwcHMuZ29vZ2xldXNlcmNvbnRlbnQuY29tIiwic3ViIjoiMTE2NDY2MDQxODI0OTQ2Mjk0NzAwIiwiaGQiOiJ3b293YWhhbi5jb20iLCJlbWFpbCI6ImphZWh1bi5sZWVAd29vd2FoYW4uY29tIiwiZW1haWxfdmVyaWZpZWQiOnRydWUsImF0X2hhc2giOiJfdUU5TjZmVDVXYk03Vi1lSXRiNU1nIiwiaWF0IjoxNjE2MjQ1OTM1LCJleHAiOjE2MTYyNDk1MzV9.YMppH2yn-C_ZVQT-VaKkY5pNBMSGaMUMLLfr7XoeUSpxoVqivDLo6BLFSGOF3KZ2n5_PDSGJxw6Srul73ykV0CQ5jBv8c7MPLx70NhQHOEbhDGtB_WdQoeoJDzUrxRhv8GzmIFRfyMrUFamzn8dbbZlXOsAY_qc5Ajf-5JxDxvDJEmnusM35ntiOd25ThDvlpwEnoYL4hk7iYSc3FgvSaO3XHVrDoGtiUC_xUE1Z17Ms_tIz2ekFOHeno2S8ycfckqPZpYpwunkttY70z_vYhyuVkkfTOIVcUm5mWQ9mIgjfr9kDgd9pgnSowEcxio0szcQd4IJ-Zcm5bU0Zll3Kig",
    "token_expiry": "2021-03-20T14:12:14Z"
  },
  "sentinels": {
    "config_sentinel": "/Users/leejaehoon/.config/gcloud/config_sentinel"
  }
}
2021-03-20 22:12:15,073 INFO     ___FILE_ONLY___ 

2021-03-20 22:12:15,083 DEBUG    root            Metrics reporting process started...
