2021-03-07 22:31:49,963 ERROR    root            (gcloud) Command name argument expected.
2021-03-07 22:31:49,965 DEBUG    root            Loaded Command Group: ['gcloud', 'redis']
2021-03-07 22:31:49,968 DEBUG    root            Loaded Command Group: ['gcloud', 'services']
2021-03-07 22:31:49,971 DEBUG    root            No implementation for release track [GA] for element: [/Users/leejaehoon/Downloads/google-cloud-sdk/lib/surface/access_approval]
2021-03-07 22:31:49,975 DEBUG    root            Loaded Command Group: ['gcloud', 'debug']
2021-03-07 22:31:49,978 DEBUG    root            Loaded Command Group: ['gcloud', 'policy_troubleshoot']
2021-03-07 22:31:49,989 DEBUG    root            Loaded Command Group: ['gcloud', 'docker']
2021-03-07 22:31:49,992 DEBUG    root            Loaded Command Group: ['gcloud', 'anthos']
2021-03-07 22:31:49,994 DEBUG    root            No implementation for release track [GA] for element: [/Users/leejaehoon/Downloads/google-cloud-sdk/lib/surface/recaptcha]
2021-03-07 22:31:49,996 DEBUG    root            No implementation for release track [GA] for element: [/Users/leejaehoon/Downloads/google-cloud-sdk/lib/surface/error_reporting]
2021-03-07 22:31:49,997 DEBUG    root            No implementation for release track [GA] for element: [/Users/leejaehoon/Downloads/google-cloud-sdk/lib/surface/billing]
2021-03-07 22:31:50,008 DEBUG    root            Loaded Command Group: ['gcloud', 'survey']
2021-03-07 22:31:50,010 DEBUG    root            Loaded Command Group: ['gcloud', 'firebase']
2021-03-07 22:31:50,013 DEBUG    root            Loaded Command Group: ['gcloud', 'logging']
2021-03-07 22:31:50,016 DEBUG    root            No implementation for release track [GA] for element: [/Users/leejaehoon/Downloads/google-cloud-sdk/lib/surface/bq]
2021-03-07 22:31:50,017 DEBUG    root            No implementation for release track [GA] for element: [/Users/leejaehoon/Downloads/google-cloud-sdk/lib/surface/resources]
2021-03-07 22:31:50,019 DEBUG    root            Loaded Command Group: ['gcloud', 'iam']
2021-03-07 22:31:50,022 DEBUG    root            No implementation for release track [GA] for element: [/Users/leejaehoon/Downloads/google-cloud-sdk/lib/surface/remote_build_execution]
2021-03-07 22:31:50,024 DEBUG    root            Loaded Command Group: ['gcloud', 'recommender']
2021-03-07 22:31:50,028 DEBUG    root            No implementation for release track [GA] for element: [/Users/leejaehoon/Downloads/google-cloud-sdk/lib/surface/privateca]
2021-03-07 22:31:50,029 DEBUG    root            No implementation for release track [GA] for element: [/Users/leejaehoon/Downloads/google-cloud-sdk/lib/surface/eventarc]
2021-03-07 22:31:50,032 DEBUG    root            No implementation for release track [GA] for element: [/Users/leejaehoon/Downloads/google-cloud-sdk/lib/surface/org_policies]
2021-03-07 22:31:50,034 DEBUG    root            No implementation for release track [GA] for element: [/Users/leejaehoon/Downloads/google-cloud-sdk/lib/surface/genomics]
2021-03-07 22:31:50,037 DEBUG    root            No implementation for release track [GA] for element: [/Users/leejaehoon/Downloads/google-cloud-sdk/lib/surface/web_security_scanner]
2021-03-07 22:31:50,038 DEBUG    root            No implementation for release track [GA] for element: [/Users/leejaehoon/Downloads/google-cloud-sdk/lib/surface/identity]
2021-03-07 22:31:50,040 DEBUG    root            No implementation for release track [GA] for element: [/Users/leejaehoon/Downloads/google-cloud-sdk/lib/surface/emulators]
2021-03-07 22:31:50,041 DEBUG    root            No implementation for release track [GA] for element: [/Users/leejaehoon/Downloads/google-cloud-sdk/lib/surface/labelmanager]
2021-03-07 22:31:50,042 DEBUG    root            Loaded Command Group: ['gcloud', 'auth']
2021-03-07 22:31:50,046 DEBUG    root            Loaded Command Group: ['gcloud', 'filestore']
2021-03-07 22:31:50,049 DEBUG    root            Loaded Command Group: ['gcloud', 'spanner']
2021-03-07 22:31:50,052 DEBUG    root            No implementation for release track [GA] for element: [/Users/leejaehoon/Downloads/google-cloud-sdk/lib/surface/resource_settings]
2021-03-07 22:31:50,054 DEBUG    root            No implementation for release track [GA] for element: [/Users/leejaehoon/Downloads/google-cloud-sdk/lib/surface/network_services]
2021-03-07 22:31:50,209 DEBUG    root            Loaded Command Group: ['gcloud', 'compute']
2021-03-07 22:31:50,215 DEBUG    root            No implementation for release track [GA] for element: [/Users/leejaehoon/Downloads/google-cloud-sdk/lib/surface/memcache]
2021-03-07 22:31:50,229 DEBUG    root            Loaded Command Group: ['gcloud', 'feedback']
2021-03-07 22:31:50,245 DEBUG    root            Loaded Command Group: ['gcloud', 'projects']
2021-03-07 22:31:50,248 DEBUG    root            Loaded Command Group: ['gcloud', 'dns']
2021-03-07 22:31:50,252 DEBUG    root            Loaded Command Group: ['gcloud', 'sql']
2021-03-07 22:31:50,259 DEBUG    root            Loaded Command Group: ['gcloud', 'builds']
2021-03-07 22:31:50,262 DEBUG    root            No implementation for release track [GA] for element: [/Users/leejaehoon/Downloads/google-cloud-sdk/lib/surface/certificate_manager]
2021-03-07 22:31:50,298 DEBUG    root            Loaded Command Group: ['gcloud', 'container']
2021-03-07 22:31:50,301 DEBUG    root            Loaded Command Group: ['gcloud', 'access_context_manager']
2021-03-07 22:31:50,305 DEBUG    root            Loaded Command Group: ['gcloud', 'network_management']
2021-03-07 22:31:50,308 DEBUG    root            No implementation for release track [GA] for element: [/Users/leejaehoon/Downloads/google-cloud-sdk/lib/surface/admin_service_cluster]
2021-03-07 22:31:50,316 DEBUG    root            Loaded Command Group: ['gcloud', 'info']
2021-03-07 22:31:50,320 DEBUG    root            Loaded Command Group: ['gcloud', 'meta']
2021-03-07 22:31:50,375 DEBUG    root            Loaded Command Group: ['gcloud', 'ai_platform']
2021-03-07 22:31:50,380 DEBUG    root            Loaded Command Group: ['gcloud', 'datastore']
2021-03-07 22:31:50,445 DEBUG    root            Loaded Command Group: ['gcloud', 'run']
2021-03-07 22:31:50,451 DEBUG    root            No implementation for release track [GA] for element: [/Users/leejaehoon/Downloads/google-cloud-sdk/lib/surface/data_fusion]
2021-03-07 22:31:50,453 DEBUG    root            Loaded Command Group: ['gcloud', 'config']
2021-03-07 22:31:50,457 DEBUG    root            Loaded Command Group: ['gcloud', 'bigtable']
2021-03-07 22:31:50,463 DEBUG    root            No implementation for release track [GA] for element: [/Users/leejaehoon/Downloads/google-cloud-sdk/lib/surface/vmware]
2021-03-07 22:31:50,465 DEBUG    root            Loaded Command Group: ['gcloud', 'healthcare']
2021-03-07 22:31:50,485 DEBUG    root            No implementation for release track [GA] for element: [/Users/leejaehoon/Downloads/google-cloud-sdk/lib/surface/search_help]
2021-03-07 22:31:50,490 DEBUG    root            No implementation for release track [GA] for element: [/Users/leejaehoon/Downloads/google-cloud-sdk/lib/surface/events]
2021-03-07 22:31:50,492 DEBUG    root            No implementation for release track [GA] for element: [/Users/leejaehoon/Downloads/google-cloud-sdk/lib/surface/dialogflow]
2021-03-07 22:31:50,496 DEBUG    root            Loaded Command Group: ['gcloud', 'functions']
2021-03-07 22:31:50,500 DEBUG    root            Loaded Command Group: ['gcloud', 'topic']
2021-03-07 22:31:50,504 DEBUG    root            No implementation for release track [GA] for element: [/Users/leejaehoon/Downloads/google-cloud-sdk/lib/surface/cloud_shell]
2021-03-07 22:31:50,506 DEBUG    root            Loaded Command Group: ['gcloud', 'app']
2021-03-07 22:31:50,511 DEBUG    root            Loaded Command Group: ['gcloud', 'dataproc']
2021-03-07 22:31:50,517 DEBUG    root            No implementation for release track [GA] for element: [/Users/leejaehoon/Downloads/google-cloud-sdk/lib/surface/code]
2021-03-07 22:31:50,520 DEBUG    root            Loaded Command Group: ['gcloud', 'monitoring']
2021-03-07 22:31:50,523 DEBUG    root            Loaded Command Group: ['gcloud', 'version']
2021-03-07 22:31:50,795 DEBUG    root            No implementation for release track [GA] for element: [/Users/leejaehoon/Downloads/google-cloud-sdk/lib/surface/interactive]
2021-03-07 22:31:50,796 DEBUG    root            Loaded Command Group: ['gcloud', 'components']
2021-03-07 22:31:50,799 DEBUG    root            Loaded Command Group: ['gcloud', 'secrets']
2021-03-07 22:31:50,802 DEBUG    root            Loaded Command Group: ['gcloud', 'kms']
2021-03-07 22:31:50,805 DEBUG    root            Loaded Command Group: ['gcloud', 'data_catalog']
2021-03-07 22:31:50,809 DEBUG    root            Loaded Command Group: ['gcloud', 'organizations']
2021-03-07 22:31:50,812 DEBUG    root            No implementation for release track [GA] for element: [/Users/leejaehoon/Downloads/google-cloud-sdk/lib/surface/api_gateway]
2021-03-07 22:31:50,820 DEBUG    root            Loaded Command Group: ['gcloud', 'init']
2021-03-07 22:31:50,823 DEBUG    root            No implementation for release track [GA] for element: [/Users/leejaehoon/Downloads/google-cloud-sdk/lib/surface/metastore]
2021-03-07 22:31:50,825 DEBUG    root            No implementation for release track [GA] for element: [/Users/leejaehoon/Downloads/google-cloud-sdk/lib/surface/workflows]
2021-03-07 22:31:50,827 DEBUG    root            Loaded Command Group: ['gcloud', 'asset']
2021-03-07 22:31:50,830 DEBUG    root            Loaded Command Group: ['gcloud', 'domains']
2021-03-07 22:31:50,832 DEBUG    root            No implementation for release track [GA] for element: [/Users/leejaehoon/Downloads/google-cloud-sdk/lib/surface/artifacts]
2021-03-07 22:31:50,833 DEBUG    root            Loaded Command Group: ['gcloud', 'composer']
2021-03-07 22:31:50,836 DEBUG    root            Loaded Command Group: ['gcloud', 'ml']
2021-03-07 22:31:50,839 DEBUG    root            Loaded Command Group: ['gcloud', 'scc']
2021-03-07 22:31:50,843 DEBUG    root            Loaded Command Group: ['gcloud', 'iap']
2021-03-07 22:31:50,846 DEBUG    root            Loaded Command Group: ['gcloud', 'firestore']
2021-03-07 22:31:50,849 DEBUG    root            Loaded Command Group: ['gcloud', 'ml_engine']
2021-03-07 22:31:50,852 DEBUG    root            No implementation for release track [GA] for element: [/Users/leejaehoon/Downloads/google-cloud-sdk/lib/surface/commerce_procurement]
2021-03-07 22:31:50,853 DEBUG    root            Loaded Command Group: ['gcloud', 'iot']
2021-03-07 22:31:50,856 DEBUG    root            Loaded Command Group: ['gcloud', 'tasks']
2021-03-07 22:31:50,859 DEBUG    root            No implementation for release track [GA] for element: [/Users/leejaehoon/Downloads/google-cloud-sdk/lib/surface/apigee]
2021-03-07 22:31:50,861 DEBUG    root            Loaded Command Group: ['gcloud', 'game']
2021-03-07 22:31:50,864 DEBUG    root            Loaded Command Group: ['gcloud', 'resource_manager']
2021-03-07 22:31:50,868 DEBUG    root            Loaded Command Group: ['gcloud', 'scheduler']
2021-03-07 22:31:50,871 DEBUG    root            No implementation for release track [GA] for element: [/Users/leejaehoon/Downloads/google-cloud-sdk/lib/surface/dlp]
2021-03-07 22:31:50,873 DEBUG    root            No implementation for release track [GA] for element: [/Users/leejaehoon/Downloads/google-cloud-sdk/lib/surface/service_directory]
2021-03-07 22:31:50,875 DEBUG    root            Loaded Command Group: ['gcloud', 'active_directory']
2021-03-07 22:31:50,878 DEBUG    root            No implementation for release track [GA] for element: [/Users/leejaehoon/Downloads/google-cloud-sdk/lib/surface/storage]
2021-03-07 22:31:50,881 DEBUG    root            Loaded Command Group: ['gcloud', 'endpoints']
2021-03-07 22:31:50,884 DEBUG    root            Loaded Command Group: ['gcloud', 'pubsub']
2021-03-07 22:31:50,887 DEBUG    root            No implementation for release track [GA] for element: [/Users/leejaehoon/Downloads/google-cloud-sdk/lib/surface/notebooks]
2021-03-07 22:31:50,889 DEBUG    root            No implementation for release track [GA] for element: [/Users/leejaehoon/Downloads/google-cloud-sdk/lib/surface/network_security]
2021-03-07 22:31:50,890 DEBUG    root            Loaded Command Group: ['gcloud', 'cheat_sheet']
2021-03-07 22:31:50,894 DEBUG    root            Loaded Command Group: ['gcloud', 'deployment_manager']
2021-03-07 22:31:50,897 DEBUG    root            No implementation for release track [GA] for element: [/Users/leejaehoon/Downloads/google-cloud-sdk/lib/surface/lifesciences]
2021-03-07 22:31:50,899 DEBUG    root            Loaded Command Group: ['gcloud', 'help']
2021-03-07 22:31:50,903 DEBUG    root            No implementation for release track [GA] for element: [/Users/leejaehoon/Downloads/google-cloud-sdk/lib/surface/runtime_config]
2021-03-07 22:31:50,905 DEBUG    root            No implementation for release track [GA] for element: [/Users/leejaehoon/Downloads/google-cloud-sdk/lib/surface/trace]
2021-03-07 22:31:50,907 DEBUG    root            No implementation for release track [GA] for element: [/Users/leejaehoon/Downloads/google-cloud-sdk/lib/surface/database_migration]
2021-03-07 22:31:50,908 DEBUG    root            Loaded Command Group: ['gcloud', 'dataflow']
2021-03-07 22:31:50,912 DEBUG    root            Loaded Command Group: ['gcloud', 'source']
2021-03-07 22:31:52,801 INFO     ___FILE_ONLY___ 

Command killed by keyboard interrupt


