2021-03-07 22:31:04,769 DEBUG    root            Metrics collector initialized...
2021-03-07 22:31:04,772 DEBUG    root            Loaded Command Group: ['gcloud', 'components']
2021-03-07 22:31:04,778 DEBUG    root            Loaded Command Group: ['gcloud', 'components', 'list']
2021-03-07 22:31:04,781 DEBUG    root            Running [gcloud.components.list] with arguments: [--quiet: "True"]
2021-03-07 22:31:05,318 INFO     ___FILE_ONLY___ 
Your current Cloud SDK version is: 308.0.0

2021-03-07 22:31:05,318 INFO     ___FILE_ONLY___ The latest available version is: 330.0.0

2021-03-07 22:31:05,318 INFO     ___FILE_ONLY___ 

2021-03-07 22:31:05,319 INFO     root            Display format: "table[box,title="Components"](state.name:label=Status,name:label=Name,id:label=ID,size.size(zero="",min=1048576):label=Size:align=right)"
2021-03-07 22:31:05,326 INFO     ___FILE_ONLY___ ┌───────────────────────────────────────────────────────────────────────────────────────────────────────────────┐
2021-03-07 22:31:05,326 INFO     ___FILE_ONLY___ 

2021-03-07 22:31:05,326 INFO     ___FILE_ONLY___ │                                                   Components                                                  │
2021-03-07 22:31:05,326 INFO     ___FILE_ONLY___ 

2021-03-07 22:31:05,326 INFO     ___FILE_ONLY___ ├──────────────────┬──────────────────────────────────────────────────────┬──────────────────────────┬──────────┤
2021-03-07 22:31:05,326 INFO     ___FILE_ONLY___ 

2021-03-07 22:31:05,327 INFO     ___FILE_ONLY___ │      Status      │                         Name                         │            ID            │   Size   │
2021-03-07 22:31:05,327 INFO     ___FILE_ONLY___ 

2021-03-07 22:31:05,327 INFO     ___FILE_ONLY___ ├──────────────────┼──────────────────────────────────────────────────────┼──────────────────────────┼──────────┤
2021-03-07 22:31:05,327 INFO     ___FILE_ONLY___ 

2021-03-07 22:31:05,327 INFO     ___FILE_ONLY___ │ 
2021-03-07 22:31:05,327 INFO     ___FILE_ONLY___ Update Available
2021-03-07 22:31:05,327 INFO     ___FILE_ONLY___  
2021-03-07 22:31:05,327 INFO     ___FILE_ONLY___ │ 
2021-03-07 22:31:05,327 INFO     ___FILE_ONLY___ BigQuery Command Line Tool                          
2021-03-07 22:31:05,327 INFO     ___FILE_ONLY___  
2021-03-07 22:31:05,327 INFO     ___FILE_ONLY___ │ 
2021-03-07 22:31:05,328 INFO     ___FILE_ONLY___ bq                      
2021-03-07 22:31:05,328 INFO     ___FILE_ONLY___  
2021-03-07 22:31:05,328 INFO     ___FILE_ONLY___ │ 
2021-03-07 22:31:05,328 INFO     ___FILE_ONLY___  < 1 MiB
2021-03-07 22:31:05,328 INFO     ___FILE_ONLY___  
2021-03-07 22:31:05,328 INFO     ___FILE_ONLY___ │
2021-03-07 22:31:05,328 INFO     ___FILE_ONLY___ 

2021-03-07 22:31:05,328 INFO     ___FILE_ONLY___ │ 
2021-03-07 22:31:05,328 INFO     ___FILE_ONLY___ Update Available
2021-03-07 22:31:05,328 INFO     ___FILE_ONLY___  
2021-03-07 22:31:05,328 INFO     ___FILE_ONLY___ │ 
2021-03-07 22:31:05,328 INFO     ___FILE_ONLY___ Cloud SDK Core Libraries                            
2021-03-07 22:31:05,328 INFO     ___FILE_ONLY___  
2021-03-07 22:31:05,329 INFO     ___FILE_ONLY___ │ 
2021-03-07 22:31:05,329 INFO     ___FILE_ONLY___ core                    
2021-03-07 22:31:05,329 INFO     ___FILE_ONLY___  
2021-03-07 22:31:05,329 INFO     ___FILE_ONLY___ │ 
2021-03-07 22:31:05,329 INFO     ___FILE_ONLY___ 17.3 MiB
2021-03-07 22:31:05,329 INFO     ___FILE_ONLY___  
2021-03-07 22:31:05,329 INFO     ___FILE_ONLY___ │
2021-03-07 22:31:05,329 INFO     ___FILE_ONLY___ 

2021-03-07 22:31:05,329 INFO     ___FILE_ONLY___ │ 
2021-03-07 22:31:05,329 INFO     ___FILE_ONLY___ Update Available
2021-03-07 22:31:05,329 INFO     ___FILE_ONLY___  
2021-03-07 22:31:05,329 INFO     ___FILE_ONLY___ │ 
2021-03-07 22:31:05,329 INFO     ___FILE_ONLY___ Cloud Storage Command Line Tool                     
2021-03-07 22:31:05,330 INFO     ___FILE_ONLY___  
2021-03-07 22:31:05,330 INFO     ___FILE_ONLY___ │ 
2021-03-07 22:31:05,330 INFO     ___FILE_ONLY___ gsutil                  
2021-03-07 22:31:05,330 INFO     ___FILE_ONLY___  
2021-03-07 22:31:05,330 INFO     ___FILE_ONLY___ │ 
2021-03-07 22:31:05,330 INFO     ___FILE_ONLY___  3.9 MiB
2021-03-07 22:31:05,330 INFO     ___FILE_ONLY___  
2021-03-07 22:31:05,330 INFO     ___FILE_ONLY___ │
2021-03-07 22:31:05,330 INFO     ___FILE_ONLY___ 

2021-03-07 22:31:05,330 INFO     ___FILE_ONLY___ │ 
2021-03-07 22:31:05,330 INFO     ___FILE_ONLY___ Not Installed   
2021-03-07 22:31:05,330 INFO     ___FILE_ONLY___  
2021-03-07 22:31:05,330 INFO     ___FILE_ONLY___ │ 
2021-03-07 22:31:05,331 INFO     ___FILE_ONLY___ App Engine Go Extensions                            
2021-03-07 22:31:05,331 INFO     ___FILE_ONLY___  
2021-03-07 22:31:05,331 INFO     ___FILE_ONLY___ │ 
2021-03-07 22:31:05,331 INFO     ___FILE_ONLY___ app-engine-go           
2021-03-07 22:31:05,331 INFO     ___FILE_ONLY___  
2021-03-07 22:31:05,331 INFO     ___FILE_ONLY___ │ 
2021-03-07 22:31:05,331 INFO     ___FILE_ONLY___  4.8 MiB
2021-03-07 22:31:05,331 INFO     ___FILE_ONLY___  
2021-03-07 22:31:05,331 INFO     ___FILE_ONLY___ │
2021-03-07 22:31:05,331 INFO     ___FILE_ONLY___ 

2021-03-07 22:31:05,331 INFO     ___FILE_ONLY___ │ 
2021-03-07 22:31:05,331 INFO     ___FILE_ONLY___ Not Installed   
2021-03-07 22:31:05,331 INFO     ___FILE_ONLY___  
2021-03-07 22:31:05,331 INFO     ___FILE_ONLY___ │ 
2021-03-07 22:31:05,332 INFO     ___FILE_ONLY___ Appctl                                              
2021-03-07 22:31:05,332 INFO     ___FILE_ONLY___  
2021-03-07 22:31:05,332 INFO     ___FILE_ONLY___ │ 
2021-03-07 22:31:05,332 INFO     ___FILE_ONLY___ appctl                  
2021-03-07 22:31:05,332 INFO     ___FILE_ONLY___  
2021-03-07 22:31:05,332 INFO     ___FILE_ONLY___ │ 
2021-03-07 22:31:05,332 INFO     ___FILE_ONLY___ 18.5 MiB
2021-03-07 22:31:05,332 INFO     ___FILE_ONLY___  
2021-03-07 22:31:05,332 INFO     ___FILE_ONLY___ │
2021-03-07 22:31:05,332 INFO     ___FILE_ONLY___ 

2021-03-07 22:31:05,332 INFO     ___FILE_ONLY___ │ 
2021-03-07 22:31:05,332 INFO     ___FILE_ONLY___ Not Installed   
2021-03-07 22:31:05,332 INFO     ___FILE_ONLY___  
2021-03-07 22:31:05,333 INFO     ___FILE_ONLY___ │ 
2021-03-07 22:31:05,333 INFO     ___FILE_ONLY___ Cloud Bigtable Command Line Tool                    
2021-03-07 22:31:05,333 INFO     ___FILE_ONLY___  
2021-03-07 22:31:05,333 INFO     ___FILE_ONLY___ │ 
2021-03-07 22:31:05,333 INFO     ___FILE_ONLY___ cbt                     
2021-03-07 22:31:05,333 INFO     ___FILE_ONLY___  
2021-03-07 22:31:05,333 INFO     ___FILE_ONLY___ │ 
2021-03-07 22:31:05,333 INFO     ___FILE_ONLY___  7.6 MiB
2021-03-07 22:31:05,333 INFO     ___FILE_ONLY___  
2021-03-07 22:31:05,333 INFO     ___FILE_ONLY___ │
2021-03-07 22:31:05,333 INFO     ___FILE_ONLY___ 

2021-03-07 22:31:05,333 INFO     ___FILE_ONLY___ │ 
2021-03-07 22:31:05,333 INFO     ___FILE_ONLY___ Not Installed   
2021-03-07 22:31:05,333 INFO     ___FILE_ONLY___  
2021-03-07 22:31:05,334 INFO     ___FILE_ONLY___ │ 
2021-03-07 22:31:05,334 INFO     ___FILE_ONLY___ Cloud Bigtable Emulator                             
2021-03-07 22:31:05,334 INFO     ___FILE_ONLY___  
2021-03-07 22:31:05,334 INFO     ___FILE_ONLY___ │ 
2021-03-07 22:31:05,334 INFO     ___FILE_ONLY___ bigtable                
2021-03-07 22:31:05,334 INFO     ___FILE_ONLY___  
2021-03-07 22:31:05,334 INFO     ___FILE_ONLY___ │ 
2021-03-07 22:31:05,334 INFO     ___FILE_ONLY___  6.6 MiB
2021-03-07 22:31:05,334 INFO     ___FILE_ONLY___  
2021-03-07 22:31:05,334 INFO     ___FILE_ONLY___ │
2021-03-07 22:31:05,334 INFO     ___FILE_ONLY___ 

2021-03-07 22:31:05,334 INFO     ___FILE_ONLY___ │ 
2021-03-07 22:31:05,334 INFO     ___FILE_ONLY___ Not Installed   
2021-03-07 22:31:05,335 INFO     ___FILE_ONLY___  
2021-03-07 22:31:05,335 INFO     ___FILE_ONLY___ │ 
2021-03-07 22:31:05,335 INFO     ___FILE_ONLY___ Cloud Datalab Command Line Tool                     
2021-03-07 22:31:05,335 INFO     ___FILE_ONLY___  
2021-03-07 22:31:05,335 INFO     ___FILE_ONLY___ │ 
2021-03-07 22:31:05,335 INFO     ___FILE_ONLY___ datalab                 
2021-03-07 22:31:05,335 INFO     ___FILE_ONLY___  
2021-03-07 22:31:05,335 INFO     ___FILE_ONLY___ │ 
2021-03-07 22:31:05,335 INFO     ___FILE_ONLY___  < 1 MiB
2021-03-07 22:31:05,335 INFO     ___FILE_ONLY___  
2021-03-07 22:31:05,335 INFO     ___FILE_ONLY___ │
2021-03-07 22:31:05,335 INFO     ___FILE_ONLY___ 

2021-03-07 22:31:05,335 INFO     ___FILE_ONLY___ │ 
2021-03-07 22:31:05,335 INFO     ___FILE_ONLY___ Not Installed   
2021-03-07 22:31:05,336 INFO     ___FILE_ONLY___  
2021-03-07 22:31:05,336 INFO     ___FILE_ONLY___ │ 
2021-03-07 22:31:05,336 INFO     ___FILE_ONLY___ Cloud Datastore Emulator                            
2021-03-07 22:31:05,336 INFO     ___FILE_ONLY___  
2021-03-07 22:31:05,336 INFO     ___FILE_ONLY___ │ 
2021-03-07 22:31:05,336 INFO     ___FILE_ONLY___ cloud-datastore-emulator
2021-03-07 22:31:05,336 INFO     ___FILE_ONLY___  
2021-03-07 22:31:05,336 INFO     ___FILE_ONLY___ │ 
2021-03-07 22:31:05,336 INFO     ___FILE_ONLY___ 18.4 MiB
2021-03-07 22:31:05,336 INFO     ___FILE_ONLY___  
2021-03-07 22:31:05,336 INFO     ___FILE_ONLY___ │
2021-03-07 22:31:05,336 INFO     ___FILE_ONLY___ 

2021-03-07 22:31:05,336 INFO     ___FILE_ONLY___ │ 
2021-03-07 22:31:05,337 INFO     ___FILE_ONLY___ Not Installed   
2021-03-07 22:31:05,337 INFO     ___FILE_ONLY___  
2021-03-07 22:31:05,337 INFO     ___FILE_ONLY___ │ 
2021-03-07 22:31:05,337 INFO     ___FILE_ONLY___ Cloud Firestore Emulator                            
2021-03-07 22:31:05,337 INFO     ___FILE_ONLY___  
2021-03-07 22:31:05,337 INFO     ___FILE_ONLY___ │ 
2021-03-07 22:31:05,337 INFO     ___FILE_ONLY___ cloud-firestore-emulator
2021-03-07 22:31:05,337 INFO     ___FILE_ONLY___  
2021-03-07 22:31:05,337 INFO     ___FILE_ONLY___ │ 
2021-03-07 22:31:05,337 INFO     ___FILE_ONLY___ 41.6 MiB
2021-03-07 22:31:05,337 INFO     ___FILE_ONLY___  
2021-03-07 22:31:05,337 INFO     ___FILE_ONLY___ │
2021-03-07 22:31:05,337 INFO     ___FILE_ONLY___ 

2021-03-07 22:31:05,337 INFO     ___FILE_ONLY___ │ 
2021-03-07 22:31:05,338 INFO     ___FILE_ONLY___ Not Installed   
2021-03-07 22:31:05,338 INFO     ___FILE_ONLY___  
2021-03-07 22:31:05,338 INFO     ___FILE_ONLY___ │ 
2021-03-07 22:31:05,338 INFO     ___FILE_ONLY___ Cloud Pub/Sub Emulator                              
2021-03-07 22:31:05,338 INFO     ___FILE_ONLY___  
2021-03-07 22:31:05,338 INFO     ___FILE_ONLY___ │ 
2021-03-07 22:31:05,338 INFO     ___FILE_ONLY___ pubsub-emulator         
2021-03-07 22:31:05,338 INFO     ___FILE_ONLY___  
2021-03-07 22:31:05,338 INFO     ___FILE_ONLY___ │ 
2021-03-07 22:31:05,338 INFO     ___FILE_ONLY___ 60.4 MiB
2021-03-07 22:31:05,338 INFO     ___FILE_ONLY___  
2021-03-07 22:31:05,338 INFO     ___FILE_ONLY___ │
2021-03-07 22:31:05,338 INFO     ___FILE_ONLY___ 

2021-03-07 22:31:05,339 INFO     ___FILE_ONLY___ │ 
2021-03-07 22:31:05,339 INFO     ___FILE_ONLY___ Not Installed   
2021-03-07 22:31:05,339 INFO     ___FILE_ONLY___  
2021-03-07 22:31:05,339 INFO     ___FILE_ONLY___ │ 
2021-03-07 22:31:05,339 INFO     ___FILE_ONLY___ Cloud SQL Proxy                                     
2021-03-07 22:31:05,339 INFO     ___FILE_ONLY___  
2021-03-07 22:31:05,339 INFO     ___FILE_ONLY___ │ 
2021-03-07 22:31:05,339 INFO     ___FILE_ONLY___ cloud_sql_proxy         
2021-03-07 22:31:05,339 INFO     ___FILE_ONLY___  
2021-03-07 22:31:05,339 INFO     ___FILE_ONLY___ │ 
2021-03-07 22:31:05,339 INFO     ___FILE_ONLY___  7.4 MiB
2021-03-07 22:31:05,339 INFO     ___FILE_ONLY___  
2021-03-07 22:31:05,339 INFO     ___FILE_ONLY___ │
2021-03-07 22:31:05,339 INFO     ___FILE_ONLY___ 

2021-03-07 22:31:05,340 INFO     ___FILE_ONLY___ │ 
2021-03-07 22:31:05,340 INFO     ___FILE_ONLY___ Not Installed   
2021-03-07 22:31:05,340 INFO     ___FILE_ONLY___  
2021-03-07 22:31:05,340 INFO     ___FILE_ONLY___ │ 
2021-03-07 22:31:05,340 INFO     ___FILE_ONLY___ Emulator Reverse Proxy                              
2021-03-07 22:31:05,340 INFO     ___FILE_ONLY___  
2021-03-07 22:31:05,340 INFO     ___FILE_ONLY___ │ 
2021-03-07 22:31:05,340 INFO     ___FILE_ONLY___ emulator-reverse-proxy  
2021-03-07 22:31:05,340 INFO     ___FILE_ONLY___  
2021-03-07 22:31:05,340 INFO     ___FILE_ONLY___ │ 
2021-03-07 22:31:05,340 INFO     ___FILE_ONLY___ 14.5 MiB
2021-03-07 22:31:05,341 INFO     ___FILE_ONLY___  
2021-03-07 22:31:05,341 INFO     ___FILE_ONLY___ │
2021-03-07 22:31:05,341 INFO     ___FILE_ONLY___ 

2021-03-07 22:31:05,341 INFO     ___FILE_ONLY___ │ 
2021-03-07 22:31:05,341 INFO     ___FILE_ONLY___ Not Installed   
2021-03-07 22:31:05,341 INFO     ___FILE_ONLY___  
2021-03-07 22:31:05,341 INFO     ___FILE_ONLY___ │ 
2021-03-07 22:31:05,341 INFO     ___FILE_ONLY___ Google Cloud Build Local Builder                    
2021-03-07 22:31:05,341 INFO     ___FILE_ONLY___  
2021-03-07 22:31:05,341 INFO     ___FILE_ONLY___ │ 
2021-03-07 22:31:05,341 INFO     ___FILE_ONLY___ cloud-build-local       
2021-03-07 22:31:05,341 INFO     ___FILE_ONLY___  
2021-03-07 22:31:05,341 INFO     ___FILE_ONLY___ │ 
2021-03-07 22:31:05,342 INFO     ___FILE_ONLY___  6.2 MiB
2021-03-07 22:31:05,342 INFO     ___FILE_ONLY___  
2021-03-07 22:31:05,342 INFO     ___FILE_ONLY___ │
2021-03-07 22:31:05,342 INFO     ___FILE_ONLY___ 

2021-03-07 22:31:05,342 INFO     ___FILE_ONLY___ │ 
2021-03-07 22:31:05,342 INFO     ___FILE_ONLY___ Not Installed   
2021-03-07 22:31:05,342 INFO     ___FILE_ONLY___  
2021-03-07 22:31:05,342 INFO     ___FILE_ONLY___ │ 
2021-03-07 22:31:05,342 INFO     ___FILE_ONLY___ Google Container Registry's Docker credential helper
2021-03-07 22:31:05,342 INFO     ___FILE_ONLY___  
2021-03-07 22:31:05,342 INFO     ___FILE_ONLY___ │ 
2021-03-07 22:31:05,342 INFO     ___FILE_ONLY___ docker-credential-gcr   
2021-03-07 22:31:05,343 INFO     ___FILE_ONLY___  
2021-03-07 22:31:05,343 INFO     ___FILE_ONLY___ │ 
2021-03-07 22:31:05,343 INFO     ___FILE_ONLY___  2.2 MiB
2021-03-07 22:31:05,343 INFO     ___FILE_ONLY___  
2021-03-07 22:31:05,343 INFO     ___FILE_ONLY___ │
2021-03-07 22:31:05,343 INFO     ___FILE_ONLY___ 

2021-03-07 22:31:05,343 INFO     ___FILE_ONLY___ │ 
2021-03-07 22:31:05,343 INFO     ___FILE_ONLY___ Not Installed   
2021-03-07 22:31:05,343 INFO     ___FILE_ONLY___  
2021-03-07 22:31:05,343 INFO     ___FILE_ONLY___ │ 
2021-03-07 22:31:05,343 INFO     ___FILE_ONLY___ Kustomize                                           
2021-03-07 22:31:05,344 INFO     ___FILE_ONLY___  
2021-03-07 22:31:05,344 INFO     ___FILE_ONLY___ │ 
2021-03-07 22:31:05,344 INFO     ___FILE_ONLY___ kustomize               
2021-03-07 22:31:05,344 INFO     ___FILE_ONLY___  
2021-03-07 22:31:05,344 INFO     ___FILE_ONLY___ │ 
2021-03-07 22:31:05,344 INFO     ___FILE_ONLY___ 22.8 MiB
2021-03-07 22:31:05,344 INFO     ___FILE_ONLY___  
2021-03-07 22:31:05,344 INFO     ___FILE_ONLY___ │
2021-03-07 22:31:05,344 INFO     ___FILE_ONLY___ 

2021-03-07 22:31:05,344 INFO     ___FILE_ONLY___ │ 
2021-03-07 22:31:05,344 INFO     ___FILE_ONLY___ Not Installed   
2021-03-07 22:31:05,344 INFO     ___FILE_ONLY___  
2021-03-07 22:31:05,344 INFO     ___FILE_ONLY___ │ 
2021-03-07 22:31:05,344 INFO     ___FILE_ONLY___ Minikube                                            
2021-03-07 22:31:05,345 INFO     ___FILE_ONLY___  
2021-03-07 22:31:05,345 INFO     ___FILE_ONLY___ │ 
2021-03-07 22:31:05,345 INFO     ___FILE_ONLY___ minikube                
2021-03-07 22:31:05,345 INFO     ___FILE_ONLY___  
2021-03-07 22:31:05,345 INFO     ___FILE_ONLY___ │ 
2021-03-07 22:31:05,345 INFO     ___FILE_ONLY___ 22.4 MiB
2021-03-07 22:31:05,345 INFO     ___FILE_ONLY___  
2021-03-07 22:31:05,345 INFO     ___FILE_ONLY___ │
2021-03-07 22:31:05,345 INFO     ___FILE_ONLY___ 

2021-03-07 22:31:05,345 INFO     ___FILE_ONLY___ │ 
2021-03-07 22:31:05,345 INFO     ___FILE_ONLY___ Not Installed   
2021-03-07 22:31:05,345 INFO     ___FILE_ONLY___  
2021-03-07 22:31:05,346 INFO     ___FILE_ONLY___ │ 
2021-03-07 22:31:05,346 INFO     ___FILE_ONLY___ Nomos CLI                                           
2021-03-07 22:31:05,346 INFO     ___FILE_ONLY___  
2021-03-07 22:31:05,346 INFO     ___FILE_ONLY___ │ 
2021-03-07 22:31:05,346 INFO     ___FILE_ONLY___ nomos                   
2021-03-07 22:31:05,346 INFO     ___FILE_ONLY___  
2021-03-07 22:31:05,346 INFO     ___FILE_ONLY___ │ 
2021-03-07 22:31:05,346 INFO     ___FILE_ONLY___ 19.8 MiB
2021-03-07 22:31:05,346 INFO     ___FILE_ONLY___  
2021-03-07 22:31:05,346 INFO     ___FILE_ONLY___ │
2021-03-07 22:31:05,346 INFO     ___FILE_ONLY___ 

2021-03-07 22:31:05,346 INFO     ___FILE_ONLY___ │ 
2021-03-07 22:31:05,346 INFO     ___FILE_ONLY___ Not Installed   
2021-03-07 22:31:05,346 INFO     ___FILE_ONLY___  
2021-03-07 22:31:05,347 INFO     ___FILE_ONLY___ │ 
2021-03-07 22:31:05,347 INFO     ___FILE_ONLY___ On-Demand Scanning API extraction helper            
2021-03-07 22:31:05,347 INFO     ___FILE_ONLY___  
2021-03-07 22:31:05,347 INFO     ___FILE_ONLY___ │ 
2021-03-07 22:31:05,347 INFO     ___FILE_ONLY___ local-extract           
2021-03-07 22:31:05,347 INFO     ___FILE_ONLY___  
2021-03-07 22:31:05,347 INFO     ___FILE_ONLY___ │ 
2021-03-07 22:31:05,347 INFO     ___FILE_ONLY___ 10.9 MiB
2021-03-07 22:31:05,347 INFO     ___FILE_ONLY___  
2021-03-07 22:31:05,347 INFO     ___FILE_ONLY___ │
2021-03-07 22:31:05,347 INFO     ___FILE_ONLY___ 

2021-03-07 22:31:05,347 INFO     ___FILE_ONLY___ │ 
2021-03-07 22:31:05,347 INFO     ___FILE_ONLY___ Not Installed   
2021-03-07 22:31:05,347 INFO     ___FILE_ONLY___  
2021-03-07 22:31:05,348 INFO     ___FILE_ONLY___ │ 
2021-03-07 22:31:05,348 INFO     ___FILE_ONLY___ Skaffold                                            
2021-03-07 22:31:05,348 INFO     ___FILE_ONLY___  
2021-03-07 22:31:05,348 INFO     ___FILE_ONLY___ │ 
2021-03-07 22:31:05,348 INFO     ___FILE_ONLY___ skaffold                
2021-03-07 22:31:05,348 INFO     ___FILE_ONLY___  
2021-03-07 22:31:05,348 INFO     ___FILE_ONLY___ │ 
2021-03-07 22:31:05,348 INFO     ___FILE_ONLY___ 17.0 MiB
2021-03-07 22:31:05,348 INFO     ___FILE_ONLY___  
2021-03-07 22:31:05,348 INFO     ___FILE_ONLY___ │
2021-03-07 22:31:05,348 INFO     ___FILE_ONLY___ 

2021-03-07 22:31:05,348 INFO     ___FILE_ONLY___ │ 
2021-03-07 22:31:05,348 INFO     ___FILE_ONLY___ Not Installed   
2021-03-07 22:31:05,348 INFO     ___FILE_ONLY___  
2021-03-07 22:31:05,349 INFO     ___FILE_ONLY___ │ 
2021-03-07 22:31:05,349 INFO     ___FILE_ONLY___ anthos-auth                                         
2021-03-07 22:31:05,349 INFO     ___FILE_ONLY___  
2021-03-07 22:31:05,349 INFO     ___FILE_ONLY___ │ 
2021-03-07 22:31:05,349 INFO     ___FILE_ONLY___ anthos-auth             
2021-03-07 22:31:05,349 INFO     ___FILE_ONLY___  
2021-03-07 22:31:05,349 INFO     ___FILE_ONLY___ │ 
2021-03-07 22:31:05,349 INFO     ___FILE_ONLY___ 16.3 MiB
2021-03-07 22:31:05,349 INFO     ___FILE_ONLY___  
2021-03-07 22:31:05,349 INFO     ___FILE_ONLY___ │
2021-03-07 22:31:05,349 INFO     ___FILE_ONLY___ 

2021-03-07 22:31:05,349 INFO     ___FILE_ONLY___ │ 
2021-03-07 22:31:05,349 INFO     ___FILE_ONLY___ Not Installed   
2021-03-07 22:31:05,349 INFO     ___FILE_ONLY___  
2021-03-07 22:31:05,349 INFO     ___FILE_ONLY___ │ 
2021-03-07 22:31:05,350 INFO     ___FILE_ONLY___ config-connector                                    
2021-03-07 22:31:05,350 INFO     ___FILE_ONLY___  
2021-03-07 22:31:05,350 INFO     ___FILE_ONLY___ │ 
2021-03-07 22:31:05,350 INFO     ___FILE_ONLY___ config-connector        
2021-03-07 22:31:05,350 INFO     ___FILE_ONLY___  
2021-03-07 22:31:05,350 INFO     ___FILE_ONLY___ │ 
2021-03-07 22:31:05,350 INFO     ___FILE_ONLY___ 43.0 MiB
2021-03-07 22:31:05,350 INFO     ___FILE_ONLY___  
2021-03-07 22:31:05,350 INFO     ___FILE_ONLY___ │
2021-03-07 22:31:05,350 INFO     ___FILE_ONLY___ 

2021-03-07 22:31:05,350 INFO     ___FILE_ONLY___ │ 
2021-03-07 22:31:05,350 INFO     ___FILE_ONLY___ Not Installed   
2021-03-07 22:31:05,350 INFO     ___FILE_ONLY___  
2021-03-07 22:31:05,350 INFO     ___FILE_ONLY___ │ 
2021-03-07 22:31:05,351 INFO     ___FILE_ONLY___ gcloud Alpha Commands                               
2021-03-07 22:31:05,351 INFO     ___FILE_ONLY___  
2021-03-07 22:31:05,351 INFO     ___FILE_ONLY___ │ 
2021-03-07 22:31:05,351 INFO     ___FILE_ONLY___ alpha                   
2021-03-07 22:31:05,351 INFO     ___FILE_ONLY___  
2021-03-07 22:31:05,351 INFO     ___FILE_ONLY___ │ 
2021-03-07 22:31:05,351 INFO     ___FILE_ONLY___  < 1 MiB
2021-03-07 22:31:05,351 INFO     ___FILE_ONLY___  
2021-03-07 22:31:05,351 INFO     ___FILE_ONLY___ │
2021-03-07 22:31:05,351 INFO     ___FILE_ONLY___ 

2021-03-07 22:31:05,351 INFO     ___FILE_ONLY___ │ 
2021-03-07 22:31:05,351 INFO     ___FILE_ONLY___ Not Installed   
2021-03-07 22:31:05,351 INFO     ___FILE_ONLY___  
2021-03-07 22:31:05,351 INFO     ___FILE_ONLY___ │ 
2021-03-07 22:31:05,351 INFO     ___FILE_ONLY___ gcloud Beta Commands                                
2021-03-07 22:31:05,352 INFO     ___FILE_ONLY___  
2021-03-07 22:31:05,352 INFO     ___FILE_ONLY___ │ 
2021-03-07 22:31:05,352 INFO     ___FILE_ONLY___ beta                    
2021-03-07 22:31:05,352 INFO     ___FILE_ONLY___  
2021-03-07 22:31:05,352 INFO     ___FILE_ONLY___ │ 
2021-03-07 22:31:05,352 INFO     ___FILE_ONLY___  < 1 MiB
2021-03-07 22:31:05,352 INFO     ___FILE_ONLY___  
2021-03-07 22:31:05,352 INFO     ___FILE_ONLY___ │
2021-03-07 22:31:05,352 INFO     ___FILE_ONLY___ 

2021-03-07 22:31:05,352 INFO     ___FILE_ONLY___ │ 
2021-03-07 22:31:05,352 INFO     ___FILE_ONLY___ Not Installed   
2021-03-07 22:31:05,352 INFO     ___FILE_ONLY___  
2021-03-07 22:31:05,352 INFO     ___FILE_ONLY___ │ 
2021-03-07 22:31:05,352 INFO     ___FILE_ONLY___ gcloud app Java Extensions                          
2021-03-07 22:31:05,353 INFO     ___FILE_ONLY___  
2021-03-07 22:31:05,353 INFO     ___FILE_ONLY___ │ 
2021-03-07 22:31:05,353 INFO     ___FILE_ONLY___ app-engine-java         
2021-03-07 22:31:05,353 INFO     ___FILE_ONLY___  
2021-03-07 22:31:05,353 INFO     ___FILE_ONLY___ │ 
2021-03-07 22:31:05,353 INFO     ___FILE_ONLY___ 58.1 MiB
2021-03-07 22:31:05,353 INFO     ___FILE_ONLY___  
2021-03-07 22:31:05,353 INFO     ___FILE_ONLY___ │
2021-03-07 22:31:05,353 INFO     ___FILE_ONLY___ 

2021-03-07 22:31:05,353 INFO     ___FILE_ONLY___ │ 
2021-03-07 22:31:05,353 INFO     ___FILE_ONLY___ Not Installed   
2021-03-07 22:31:05,353 INFO     ___FILE_ONLY___  
2021-03-07 22:31:05,353 INFO     ___FILE_ONLY___ │ 
2021-03-07 22:31:05,353 INFO     ___FILE_ONLY___ gcloud app PHP Extensions                           
2021-03-07 22:31:05,354 INFO     ___FILE_ONLY___  
2021-03-07 22:31:05,354 INFO     ___FILE_ONLY___ │ 
2021-03-07 22:31:05,354 INFO     ___FILE_ONLY___ app-engine-php          
2021-03-07 22:31:05,354 INFO     ___FILE_ONLY___  
2021-03-07 22:31:05,354 INFO     ___FILE_ONLY___ │ 
2021-03-07 22:31:05,354 INFO     ___FILE_ONLY___ 21.9 MiB
2021-03-07 22:31:05,354 INFO     ___FILE_ONLY___  
2021-03-07 22:31:05,354 INFO     ___FILE_ONLY___ │
2021-03-07 22:31:05,354 INFO     ___FILE_ONLY___ 

2021-03-07 22:31:05,354 INFO     ___FILE_ONLY___ │ 
2021-03-07 22:31:05,354 INFO     ___FILE_ONLY___ Not Installed   
2021-03-07 22:31:05,354 INFO     ___FILE_ONLY___  
2021-03-07 22:31:05,355 INFO     ___FILE_ONLY___ │ 
2021-03-07 22:31:05,355 INFO     ___FILE_ONLY___ gcloud app Python Extensions                        
2021-03-07 22:31:05,355 INFO     ___FILE_ONLY___  
2021-03-07 22:31:05,355 INFO     ___FILE_ONLY___ │ 
2021-03-07 22:31:05,355 INFO     ___FILE_ONLY___ app-engine-python       
2021-03-07 22:31:05,355 INFO     ___FILE_ONLY___  
2021-03-07 22:31:05,355 INFO     ___FILE_ONLY___ │ 
2021-03-07 22:31:05,355 INFO     ___FILE_ONLY___  6.1 MiB
2021-03-07 22:31:05,355 INFO     ___FILE_ONLY___  
2021-03-07 22:31:05,355 INFO     ___FILE_ONLY___ │
2021-03-07 22:31:05,355 INFO     ___FILE_ONLY___ 

2021-03-07 22:31:05,355 INFO     ___FILE_ONLY___ │ 
2021-03-07 22:31:05,355 INFO     ___FILE_ONLY___ Not Installed   
2021-03-07 22:31:05,355 INFO     ___FILE_ONLY___  
2021-03-07 22:31:05,356 INFO     ___FILE_ONLY___ │ 
2021-03-07 22:31:05,356 INFO     ___FILE_ONLY___ gcloud app Python Extensions (Extra Libraries)      
2021-03-07 22:31:05,356 INFO     ___FILE_ONLY___  
2021-03-07 22:31:05,356 INFO     ___FILE_ONLY___ │ 
2021-03-07 22:31:05,356 INFO     ___FILE_ONLY___ app-engine-python-extras
2021-03-07 22:31:05,356 INFO     ___FILE_ONLY___  
2021-03-07 22:31:05,356 INFO     ___FILE_ONLY___ │ 
2021-03-07 22:31:05,356 INFO     ___FILE_ONLY___ 27.1 MiB
2021-03-07 22:31:05,356 INFO     ___FILE_ONLY___  
2021-03-07 22:31:05,356 INFO     ___FILE_ONLY___ │
2021-03-07 22:31:05,356 INFO     ___FILE_ONLY___ 

2021-03-07 22:31:05,356 INFO     ___FILE_ONLY___ │ 
2021-03-07 22:31:05,356 INFO     ___FILE_ONLY___ Not Installed   
2021-03-07 22:31:05,356 INFO     ___FILE_ONLY___  
2021-03-07 22:31:05,357 INFO     ___FILE_ONLY___ │ 
2021-03-07 22:31:05,357 INFO     ___FILE_ONLY___ kpt                                                 
2021-03-07 22:31:05,357 INFO     ___FILE_ONLY___  
2021-03-07 22:31:05,357 INFO     ___FILE_ONLY___ │ 
2021-03-07 22:31:05,357 INFO     ___FILE_ONLY___ kpt                     
2021-03-07 22:31:05,357 INFO     ___FILE_ONLY___  
2021-03-07 22:31:05,357 INFO     ___FILE_ONLY___ │ 
2021-03-07 22:31:05,357 INFO     ___FILE_ONLY___ 12.2 MiB
2021-03-07 22:31:05,357 INFO     ___FILE_ONLY___  
2021-03-07 22:31:05,357 INFO     ___FILE_ONLY___ │
2021-03-07 22:31:05,357 INFO     ___FILE_ONLY___ 

2021-03-07 22:31:05,357 INFO     ___FILE_ONLY___ │ 
2021-03-07 22:31:05,358 INFO     ___FILE_ONLY___ Not Installed   
2021-03-07 22:31:05,358 INFO     ___FILE_ONLY___  
2021-03-07 22:31:05,358 INFO     ___FILE_ONLY___ │ 
2021-03-07 22:31:05,358 INFO     ___FILE_ONLY___ kubectl                                             
2021-03-07 22:31:05,358 INFO     ___FILE_ONLY___  
2021-03-07 22:31:05,358 INFO     ___FILE_ONLY___ │ 
2021-03-07 22:31:05,358 INFO     ___FILE_ONLY___ kubectl                 
2021-03-07 22:31:05,358 INFO     ___FILE_ONLY___  
2021-03-07 22:31:05,358 INFO     ___FILE_ONLY___ │ 
2021-03-07 22:31:05,358 INFO     ___FILE_ONLY___  < 1 MiB
2021-03-07 22:31:05,358 INFO     ___FILE_ONLY___  
2021-03-07 22:31:05,358 INFO     ___FILE_ONLY___ │
2021-03-07 22:31:05,358 INFO     ___FILE_ONLY___ 

2021-03-07 22:31:05,359 INFO     ___FILE_ONLY___ │ 
2021-03-07 22:31:05,359 INFO     ___FILE_ONLY___ Not Installed   
2021-03-07 22:31:05,359 INFO     ___FILE_ONLY___  
2021-03-07 22:31:05,359 INFO     ___FILE_ONLY___ │ 
2021-03-07 22:31:05,359 INFO     ___FILE_ONLY___ kubectl-oidc                                        
2021-03-07 22:31:05,359 INFO     ___FILE_ONLY___  
2021-03-07 22:31:05,359 INFO     ___FILE_ONLY___ │ 
2021-03-07 22:31:05,359 INFO     ___FILE_ONLY___ kubectl-oidc            
2021-03-07 22:31:05,359 INFO     ___FILE_ONLY___  
2021-03-07 22:31:05,359 INFO     ___FILE_ONLY___ │ 
2021-03-07 22:31:05,359 INFO     ___FILE_ONLY___ 16.3 MiB
2021-03-07 22:31:05,359 INFO     ___FILE_ONLY___  
2021-03-07 22:31:05,359 INFO     ___FILE_ONLY___ │
2021-03-07 22:31:05,360 INFO     ___FILE_ONLY___ 

2021-03-07 22:31:05,360 INFO     ___FILE_ONLY___ │ 
2021-03-07 22:31:05,360 INFO     ___FILE_ONLY___ Not Installed   
2021-03-07 22:31:05,360 INFO     ___FILE_ONLY___  
2021-03-07 22:31:05,360 INFO     ___FILE_ONLY___ │ 
2021-03-07 22:31:05,360 INFO     ___FILE_ONLY___ pkg                                                 
2021-03-07 22:31:05,360 INFO     ___FILE_ONLY___  
2021-03-07 22:31:05,360 INFO     ___FILE_ONLY___ │ 
2021-03-07 22:31:05,360 INFO     ___FILE_ONLY___ pkg                     
2021-03-07 22:31:05,360 INFO     ___FILE_ONLY___  
2021-03-07 22:31:05,360 INFO     ___FILE_ONLY___ │ 
2021-03-07 22:31:05,360 INFO     ___FILE_ONLY___         
2021-03-07 22:31:05,360 INFO     ___FILE_ONLY___  
2021-03-07 22:31:05,360 INFO     ___FILE_ONLY___ │
2021-03-07 22:31:05,361 INFO     ___FILE_ONLY___ 

2021-03-07 22:31:05,361 INFO     ___FILE_ONLY___ └──────────────────┴──────────────────────────────────────────────────────┴──────────────────────────┴──────────┘
2021-03-07 22:31:05,361 INFO     ___FILE_ONLY___ 

2021-03-07 22:31:05,361 INFO     ___FILE_ONLY___ To install or remove components at your current SDK version [308.0.0], run:
  $ gcloud components install COMPONENT_ID
  $ gcloud components remove COMPONENT_ID

To update your SDK installation to the latest version [330.0.0], run:
  $ gcloud components update


2021-03-07 22:31:12,839 DEBUG    root            Metrics reporting process started...
