2021-03-07 22:39:43,471 DEBUG    root            Loaded Command Group: ['gcloud', 'auth']
2021-03-07 22:39:43,475 DEBUG    root            Loaded Command Group: ['gcloud', 'auth', 'list']
2021-03-07 22:39:43,477 DEBUG    root            Running [gcloud.auth.list] with arguments: []
2021-03-07 22:39:43,481 INFO     root            Display format: "    table[title='Credentialed Accounts'](
        status.yesno(yes='*', no=''):label=ACTIVE,
        account
    )"
2021-03-07 22:39:43,481 INFO     ___FILE_ONLY___      Credentialed Accounts
2021-03-07 22:39:43,481 INFO     ___FILE_ONLY___ 

2021-03-07 22:39:43,482 INFO     ___FILE_ONLY___ ACTIVE
2021-03-07 22:39:43,482 INFO     ___FILE_ONLY___   
2021-03-07 22:39:43,482 INFO     ___FILE_ONLY___ ACCOUNT
2021-03-07 22:39:43,482 INFO     ___FILE_ONLY___ 

2021-03-07 22:39:43,482 INFO     ___FILE_ONLY___ *
2021-03-07 22:39:43,482 INFO     ___FILE_ONLY___        
2021-03-07 22:39:43,482 INFO     ___FILE_ONLY___ jaehun.lee@woowahan.com
2021-03-07 22:39:43,482 INFO     ___FILE_ONLY___ 

2021-03-07 22:39:43,482 INFO     ___FILE_ONLY___ 
To set the active account, run:
    $ gcloud config set account `ACCOUNT`


2021-03-07 22:39:43,491 DEBUG    root            Metrics reporting process started...
