2021-03-14 02:03:24,381 DEBUG    root            Loaded Command Group: ['gcloud', 'compute']
2021-03-14 02:03:24,384 DEBUG    root            Loaded Command Group: ['gcloud', 'compute', 'disks']
2021-03-14 02:03:24,386 ERROR    root            (gcloud.compute.disks) Command name argument expected.
2021-03-14 02:03:24,498 DEBUG    root            Loaded Command Group: ['gcloud', 'compute', 'disks', 'get_iam_policy']
2021-03-14 02:03:24,505 DEBUG    root            Loaded Command Group: ['gcloud', 'compute', 'disks', 'list']
2021-03-14 02:03:24,518 DEBUG    root            Loaded Command Group: ['gcloud', 'compute', 'disks', 'set_iam_policy']
2021-03-14 02:03:24,520 DEBUG    root            Loaded Command Group: ['gcloud', 'compute', 'disks', 'describe']
2021-03-14 02:03:24,522 DEBUG    root            Loaded Command Group: ['gcloud', 'compute', 'disks', 'resize']
2021-03-14 02:03:24,525 DEBUG    root            Loaded Command Group: ['gcloud', 'compute', 'disks', 'create']
2021-03-14 02:03:24,541 DEBUG    root            Loaded Command Group: ['gcloud', 'compute', 'disks', 'remove_labels']
2021-03-14 02:03:24,542 DEBUG    root            Loaded Command Group: ['gcloud', 'compute', 'disks', 'move']
2021-03-14 02:03:24,556 DEBUG    root            Loaded Command Group: ['gcloud', 'compute', 'disks', 'remove_iam_policy_binding']
2021-03-14 02:03:24,570 DEBUG    root            Loaded Command Group: ['gcloud', 'compute', 'disks', 'add_iam_policy_binding']
2021-03-14 02:03:24,573 DEBUG    root            Loaded Command Group: ['gcloud', 'compute', 'disks', 'add_resource_policies']
2021-03-14 02:03:24,575 DEBUG    root            Loaded Command Group: ['gcloud', 'compute', 'disks', 'update']
2021-03-14 02:03:24,576 DEBUG    root            Loaded Command Group: ['gcloud', 'compute', 'disks', 'add_labels']
2021-03-14 02:03:24,577 DEBUG    root            Loaded Command Group: ['gcloud', 'compute', 'disks', 'remove_resource_policies']
2021-03-14 02:03:24,579 DEBUG    root            Loaded Command Group: ['gcloud', 'compute', 'disks', 'snapshot']
2021-03-14 02:03:24,580 DEBUG    root            Loaded Command Group: ['gcloud', 'compute', 'disks', 'delete']
2021-03-14 02:03:24,591 DEBUG    root            Metrics reporting process started...
