2021-03-14 02:03:55,487 DEBUG    root            No implementation for release track [GA] for element: [/Users/leejaehoon/Downloads/google-cloud-sdk/lib/surface/privateca]
2021-03-14 02:03:55,489 DEBUG    root            No implementation for release track [GA] for element: [/Users/leejaehoon/Downloads/google-cloud-sdk/lib/surface/dialogflow]
2021-03-14 02:03:55,490 DEBUG    root            Loaded Command Group: ['gcloud', 'components']
2021-03-14 02:03:55,493 DEBUG    root            Loaded Command Group: ['gcloud', 'meta']
2021-03-14 02:03:55,497 DEBUG    root            No implementation for release track [GA] for element: [/Users/leejaehoon/Downloads/google-cloud-sdk/lib/surface/web_security_scanner]
2021-03-14 02:03:55,498 DEBUG    root            Loaded Command Group: ['gcloud', 'iap']
2021-03-14 02:03:55,501 DEBUG    root            No implementation for release track [GA] for element: [/Users/leejaehoon/Downloads/google-cloud-sdk/lib/surface/trace]
2021-03-14 02:03:55,502 DEBUG    root            No implementation for release track [GA] for element: [/Users/leejaehoon/Downloads/google-cloud-sdk/lib/surface/eventarc]
2021-03-14 02:03:55,504 DEBUG    root            No implementation for release track [GA] for element: [/Users/leejaehoon/Downloads/google-cloud-sdk/lib/surface/data_fusion]
2021-03-14 02:03:55,506 DEBUG    root            Loaded Command Group: ['gcloud', 'cheat_sheet']
2021-03-14 02:03:55,508 DEBUG    root            No implementation for release track [GA] for element: [/Users/leejaehoon/Downloads/google-cloud-sdk/lib/surface/resource_settings]
2021-03-14 02:03:55,510 DEBUG    root            Loaded Command Group: ['gcloud', 'firestore']
2021-03-14 02:03:55,514 DEBUG    root            Loaded Command Group: ['gcloud', 'iam']
2021-03-14 02:03:55,526 DEBUG    root            No implementation for release track [GA] for element: [/Users/leejaehoon/Downloads/google-cloud-sdk/lib/surface/search_help]
2021-03-14 02:03:55,527 DEBUG    root            No implementation for release track [GA] for element: [/Users/leejaehoon/Downloads/google-cloud-sdk/lib/surface/storage]
2021-03-14 02:03:55,531 DEBUG    root            Loaded Command Group: ['gcloud', 'builds']
2021-03-14 02:03:55,558 DEBUG    root            Loaded Command Group: ['gcloud', 'run']
2021-03-14 02:03:55,562 DEBUG    root            No implementation for release track [GA] for element: [/Users/leejaehoon/Downloads/google-cloud-sdk/lib/surface/vmware]
2021-03-14 02:03:55,563 DEBUG    root            Loaded Command Group: ['gcloud', 'services']
2021-03-14 02:03:55,566 DEBUG    root            Loaded Command Group: ['gcloud', 'iot']
2021-03-14 02:03:55,568 DEBUG    root            Loaded Command Group: ['gcloud', 'access_context_manager']
2021-03-14 02:03:55,570 DEBUG    root            Loaded Command Group: ['gcloud', 'tasks']
2021-03-14 02:03:55,573 DEBUG    root            No implementation for release track [GA] for element: [/Users/leejaehoon/Downloads/google-cloud-sdk/lib/surface/org_policies]
2021-03-14 02:03:55,574 DEBUG    root            Loaded Command Group: ['gcloud', 'data_catalog']
2021-03-14 02:03:55,581 DEBUG    root            Loaded Command Group: ['gcloud', 'survey']
2021-03-14 02:03:55,582 DEBUG    root            Loaded Command Group: ['gcloud', 'anthos']
2021-03-14 02:03:55,584 DEBUG    root            No implementation for release track [GA] for element: [/Users/leejaehoon/Downloads/google-cloud-sdk/lib/surface/resources]
2021-03-14 02:03:55,585 DEBUG    root            Loaded Command Group: ['gcloud', 'logging']
2021-03-14 02:03:55,588 DEBUG    root            No implementation for release track [GA] for element: [/Users/leejaehoon/Downloads/google-cloud-sdk/lib/surface/identity]
2021-03-14 02:03:55,588 DEBUG    root            Loaded Command Group: ['gcloud', 'scheduler']
2021-03-14 02:03:55,669 DEBUG    root            No implementation for release track [GA] for element: [/Users/leejaehoon/Downloads/google-cloud-sdk/lib/surface/interactive]
2021-03-14 02:03:55,670 DEBUG    root            No implementation for release track [GA] for element: [/Users/leejaehoon/Downloads/google-cloud-sdk/lib/surface/error_reporting]
2021-03-14 02:03:55,690 DEBUG    root            Loaded Command Group: ['gcloud', 'compute']
2021-03-14 02:03:55,694 DEBUG    root            Loaded Command Group: ['gcloud', 'bigtable']
2021-03-14 02:03:55,699 DEBUG    root            No implementation for release track [GA] for element: [/Users/leejaehoon/Downloads/google-cloud-sdk/lib/surface/artifacts]
2021-03-14 02:03:55,728 DEBUG    root            Loaded Command Group: ['gcloud', 'ml_engine']
2021-03-14 02:03:55,732 DEBUG    root            No implementation for release track [GA] for element: [/Users/leejaehoon/Downloads/google-cloud-sdk/lib/surface/lifesciences]
2021-03-14 02:03:55,746 DEBUG    root            Loaded Command Group: ['gcloud', 'init']
2021-03-14 02:03:55,752 DEBUG    root            Loaded Command Group: ['gcloud', 'info']
2021-03-14 02:03:55,756 DEBUG    root            Loaded Command Group: ['gcloud', 'feedback']
2021-03-14 02:03:55,757 DEBUG    root            No implementation for release track [GA] for element: [/Users/leejaehoon/Downloads/google-cloud-sdk/lib/surface/labelmanager]
2021-03-14 02:03:55,758 DEBUG    root            Loaded Command Group: ['gcloud', 'projects']
2021-03-14 02:03:55,761 DEBUG    root            Loaded Command Group: ['gcloud', 'scc']
2021-03-14 02:03:55,763 DEBUG    root            Loaded Command Group: ['gcloud', 'endpoints']
2021-03-14 02:03:55,766 DEBUG    root            Loaded Command Group: ['gcloud', 'dataproc']
2021-03-14 02:03:55,768 DEBUG    root            Loaded Command Group: ['gcloud', 'organizations']
2021-03-14 02:03:55,771 DEBUG    root            Loaded Command Group: ['gcloud', 'kms']
2021-03-14 02:03:55,774 DEBUG    root            Loaded Command Group: ['gcloud', 'pubsub']
2021-03-14 02:03:55,777 DEBUG    root            Loaded Command Group: ['gcloud', 'source']
2021-03-14 02:03:55,779 DEBUG    root            Loaded Command Group: ['gcloud', 'monitoring']
2021-03-14 02:03:55,782 DEBUG    root            No implementation for release track [GA] for element: [/Users/leejaehoon/Downloads/google-cloud-sdk/lib/surface/bq]
2021-03-14 02:03:55,783 DEBUG    root            Loaded Command Group: ['gcloud', 'topic']
2021-03-14 02:03:55,785 DEBUG    root            Loaded Command Group: ['gcloud', 'resource_manager']
2021-03-14 02:03:55,788 DEBUG    root            Loaded Command Group: ['gcloud', 'datastore']
2021-03-14 02:03:55,790 DEBUG    root            Loaded Command Group: ['gcloud', 'ai_platform']
2021-03-14 02:03:55,792 DEBUG    root            No implementation for release track [GA] for element: [/Users/leejaehoon/Downloads/google-cloud-sdk/lib/surface/certificate_manager]
2021-03-14 02:03:55,793 DEBUG    root            No implementation for release track [GA] for element: [/Users/leejaehoon/Downloads/google-cloud-sdk/lib/surface/remote_build_execution]
2021-03-14 02:03:55,796 DEBUG    root            No implementation for release track [GA] for element: [/Users/leejaehoon/Downloads/google-cloud-sdk/lib/surface/code]
2021-03-14 02:03:55,796 DEBUG    root            No implementation for release track [GA] for element: [/Users/leejaehoon/Downloads/google-cloud-sdk/lib/surface/emulators]
2021-03-14 02:03:55,797 DEBUG    root            Loaded Command Group: ['gcloud', 'container']
2021-03-14 02:03:55,799 DEBUG    root            No implementation for release track [GA] for element: [/Users/leejaehoon/Downloads/google-cloud-sdk/lib/surface/genomics]
2021-03-14 02:03:55,800 DEBUG    root            No implementation for release track [GA] for element: [/Users/leejaehoon/Downloads/google-cloud-sdk/lib/surface/network_services]
2021-03-14 02:03:55,801 DEBUG    root            Loaded Command Group: ['gcloud', 'firebase']
2021-03-14 02:03:55,802 DEBUG    root            Loaded Command Group: ['gcloud', 'secrets']
2021-03-14 02:03:55,805 DEBUG    root            Loaded Command Group: ['gcloud', 'recommender']
2021-03-14 02:03:55,807 DEBUG    root            No implementation for release track [GA] for element: [/Users/leejaehoon/Downloads/google-cloud-sdk/lib/surface/apigee]
2021-03-14 02:03:55,809 DEBUG    root            Loaded Command Group: ['gcloud', 'functions']
2021-03-14 02:03:55,811 DEBUG    root            Loaded Command Group: ['gcloud', 'spanner']
2021-03-14 02:03:55,814 DEBUG    root            Loaded Command Group: ['gcloud', 'auth']
2021-03-14 02:03:55,817 DEBUG    root            Loaded Command Group: ['gcloud', 'app']
2021-03-14 02:03:55,821 DEBUG    root            Loaded Command Group: ['gcloud', 'version']
2021-03-14 02:03:55,823 DEBUG    root            Loaded Command Group: ['gcloud', 'filestore']
2021-03-14 02:03:55,826 DEBUG    root            Loaded Command Group: ['gcloud', 'composer']
2021-03-14 02:03:55,829 DEBUG    root            Loaded Command Group: ['gcloud', 'config']
2021-03-14 02:03:55,830 DEBUG    root            Loaded Command Group: ['gcloud', 'domains']
2021-03-14 02:03:55,832 DEBUG    root            No implementation for release track [GA] for element: [/Users/leejaehoon/Downloads/google-cloud-sdk/lib/surface/recaptcha]
2021-03-14 02:03:55,833 DEBUG    root            No implementation for release track [GA] for element: [/Users/leejaehoon/Downloads/google-cloud-sdk/lib/surface/commerce_procurement]
2021-03-14 02:03:55,834 DEBUG    root            Loaded Command Group: ['gcloud', 'network_management']
2021-03-14 02:03:55,836 DEBUG    root            No implementation for release track [GA] for element: [/Users/leejaehoon/Downloads/google-cloud-sdk/lib/surface/memcache]
2021-03-14 02:03:55,837 DEBUG    root            Loaded Command Group: ['gcloud', 'asset']
2021-03-14 02:03:55,839 DEBUG    root            No implementation for release track [GA] for element: [/Users/leejaehoon/Downloads/google-cloud-sdk/lib/surface/network_security]
2021-03-14 02:03:55,840 DEBUG    root            Loaded Command Group: ['gcloud', 'healthcare']
2021-03-14 02:03:55,843 DEBUG    root            No implementation for release track [GA] for element: [/Users/leejaehoon/Downloads/google-cloud-sdk/lib/surface/billing]
2021-03-14 02:03:55,844 DEBUG    root            No implementation for release track [GA] for element: [/Users/leejaehoon/Downloads/google-cloud-sdk/lib/surface/dlp]
2021-03-14 02:03:55,845 DEBUG    root            No implementation for release track [GA] for element: [/Users/leejaehoon/Downloads/google-cloud-sdk/lib/surface/service_directory]
2021-03-14 02:03:55,845 DEBUG    root            Loaded Command Group: ['gcloud', 'game']
2021-03-14 02:03:55,848 DEBUG    root            No implementation for release track [GA] for element: [/Users/leejaehoon/Downloads/google-cloud-sdk/lib/surface/events]
2021-03-14 02:03:55,849 DEBUG    root            Loaded Command Group: ['gcloud', 'dataflow']
2021-03-14 02:03:55,852 DEBUG    root            No implementation for release track [GA] for element: [/Users/leejaehoon/Downloads/google-cloud-sdk/lib/surface/api_gateway]
2021-03-14 02:03:55,853 DEBUG    root            No implementation for release track [GA] for element: [/Users/leejaehoon/Downloads/google-cloud-sdk/lib/surface/runtime_config]
2021-03-14 02:03:55,854 DEBUG    root            Loaded Command Group: ['gcloud', 'sql']
2021-03-14 02:03:55,856 DEBUG    root            No implementation for release track [GA] for element: [/Users/leejaehoon/Downloads/google-cloud-sdk/lib/surface/workflows]
2021-03-14 02:03:55,857 DEBUG    root            Loaded Command Group: ['gcloud', 'help']
2021-03-14 02:03:55,859 DEBUG    root            No implementation for release track [GA] for element: [/Users/leejaehoon/Downloads/google-cloud-sdk/lib/surface/cloud_shell]
2021-03-14 02:03:55,860 DEBUG    root            Loaded Command Group: ['gcloud', 'ml']
2021-03-14 02:03:55,864 DEBUG    root            Loaded Command Group: ['gcloud', 'debug']
2021-03-14 02:03:55,866 DEBUG    root            No implementation for release track [GA] for element: [/Users/leejaehoon/Downloads/google-cloud-sdk/lib/surface/database_migration]
2021-03-14 02:03:55,867 DEBUG    root            Loaded Command Group: ['gcloud', 'deployment_manager']
2021-03-14 02:03:55,869 DEBUG    root            Loaded Command Group: ['gcloud', 'dns']
2021-03-14 02:03:55,872 DEBUG    root            Loaded Command Group: ['gcloud', 'redis']
2021-03-14 02:03:55,873 DEBUG    root            Loaded Command Group: ['gcloud', 'active_directory']
2021-03-14 02:03:55,875 DEBUG    root            No implementation for release track [GA] for element: [/Users/leejaehoon/Downloads/google-cloud-sdk/lib/surface/admin_service_cluster]
2021-03-14 02:03:55,876 DEBUG    root            No implementation for release track [GA] for element: [/Users/leejaehoon/Downloads/google-cloud-sdk/lib/surface/metastore]
2021-03-14 02:03:55,877 DEBUG    root            No implementation for release track [GA] for element: [/Users/leejaehoon/Downloads/google-cloud-sdk/lib/surface/notebooks]
2021-03-14 02:03:55,877 DEBUG    root            No implementation for release track [GA] for element: [/Users/leejaehoon/Downloads/google-cloud-sdk/lib/surface/access_approval]
2021-03-14 02:03:55,882 DEBUG    root            Loaded Command Group: ['gcloud', 'docker']
2021-03-14 02:03:55,884 DEBUG    root            Loaded Command Group: ['gcloud', 'policy_troubleshoot']
2021-03-14 02:03:55,885 ERROR    root            (gcloud) Invalid choice: 'project'.
2021-03-14 02:03:55,902 DEBUG    root            Metrics reporting process started...
