2021-03-14 02:01:38,419 DEBUG    root            Loaded Command Group: ['gcloud', 'config']
2021-03-14 02:01:38,422 DEBUG    root            Loaded Command Group: ['gcloud', 'config', 'config_helper']
2021-03-14 02:01:38,424 DEBUG    root            Running [gcloud.config.config-helper] with arguments: [--format: "json"]
2021-03-14 02:01:38,435 DEBUG    google_auth_httplib2 Making request: POST https://oauth2.googleapis.com/token
2021-03-14 02:01:38,857 INFO     root            Display format: "default json"
2021-03-14 02:01:38,857 INFO     ___FILE_ONLY___ {
  "configuration": {
    "active_configuration": "default",
    "properties": {
      "core": {
        "account": "jaehun.lee@woowahan.com",
        "disable_usage_reporting": "False"
      }
    }
  },
  "credential": {
    "access_token": "ya29.a0AfH6SMAJYM-JC3dIPDkZ25ipLVoB1mNHqmxRwGKOycsvywCOA-R4bPb6-3_ckaCJQQFfDlVQpIoCY7w33BRRQxlQLAQrMpzhntfiJ-DdL3ZgDOE-mOCStVuLhCwqcPOE-J90qAgOzV9YXEMdEkjBwvvCs3JJhtI3m-lR",
    "id_token": "eyJhbGciOiJSUzI1NiIsImtpZCI6Ijg0NjJhNzFkYTRmNmQ2MTFmYzBmZWNmMGZjNGJhOWMzN2Q2NWU2Y2QiLCJ0eXAiOiJKV1QifQ.eyJpc3MiOiJodHRwczovL2FjY291bnRzLmdvb2dsZS5jb20iLCJhenAiOiIzMjU1NTk0MDU1OS5hcHBzLmdvb2dsZXVzZXJjb250ZW50LmNvbSIsImF1ZCI6IjMyNTU1OTQwNTU5LmFwcHMuZ29vZ2xldXNlcmNvbnRlbnQuY29tIiwic3ViIjoiMTE2NDY2MDQxODI0OTQ2Mjk0NzAwIiwiaGQiOiJ3b293YWhhbi5jb20iLCJlbWFpbCI6ImphZWh1bi5sZWVAd29vd2FoYW4uY29tIiwiZW1haWxfdmVyaWZpZWQiOnRydWUsImF0X2hhc2giOiJWMUw3SnA0eHNyWURVV3V2Q3MzTUhBIiwiaWF0IjoxNjE1NjU0ODk4LCJleHAiOjE2MTU2NTg0OTh9.UuFgrXyIkGLSHSZ5rzAa8QICg7PAhefgLa4cyM6pSiHC4czoXV80Xkw1I32SMYdOmGZlgTrbT62VE3ZjJ9yP7gUSOxrJegLUzSmwKpBWpddxdIpKu8ydU3VJJIItMXFuFtvjxvCL9EouunN8sNET5qSjE6FOwPhFP3S8_ZRFdMzu2FTQ5H5ZyYEb4NuUF5bpzw3d00QhQOSbmms6VEnIKoQwQj335sNA2KDvgpYevAlPunutEhFNZyn0aY3ClqtAOw1GYytc46EN52_Q8HVV9MzKuiFOUm07N8tGcQ4Q7XUCNabeOasKFAc1OvIJVObccqxQSbTYzEJ3Shk6Adikig",
    "token_expiry": "2021-03-13T18:01:37Z"
  },
  "sentinels": {
    "config_sentinel": "/Users/leejaehoon/.config/gcloud/config_sentinel"
  }
}
2021-03-14 02:01:38,858 INFO     ___FILE_ONLY___ 

2021-03-14 02:01:38,866 DEBUG    root            Metrics reporting process started...
