2021-03-14 02:03:33,746 DEBUG    root            Loaded Command Group: ['gcloud', 'compute']
2021-03-14 02:03:33,749 DEBUG    root            Loaded Command Group: ['gcloud', 'compute', 'disks']
2021-03-14 02:03:33,757 DEBUG    root            Loaded Command Group: ['gcloud', 'compute', 'disks', 'list']
2021-03-14 02:03:33,760 DEBUG    root            Running [gcloud.compute.disks.list] with arguments: []
2021-03-14 02:03:33,852 DEBUG    root            (gcloud.compute.disks.list) The required property [project] is not currently set.
You may set it for your current workspace by running:

  $ gcloud config set project VALUE

or it can be set temporarily by the environment variable [CLOUDSDK_CORE_PROJECT]
Traceback (most recent call last):
  File "/Users/leejaehoon/Downloads/google-cloud-sdk/lib/googlecloudsdk/calliope/cli.py", line 983, in Execute
    resources = calliope_command.Run(cli=self, args=args)
  File "/Users/leejaehoon/Downloads/google-cloud-sdk/lib/googlecloudsdk/calliope/backend.py", line 808, in Run
    resources = command_instance.Run(args)
  File "/Users/leejaehoon/Downloads/google-cloud-sdk/lib/surface/compute/disks/list.py", line 47, in Run
    request_data = lister.ParseMultiScopeFlags(args, holder.resources)
  File "/Users/leejaehoon/Downloads/google-cloud-sdk/lib/googlecloudsdk/api_lib/compute/lister.py", line 708, in ParseMultiScopeFlags
    properties.VALUES.core.project.GetOrFail(),
  File "/Users/leejaehoon/Downloads/google-cloud-sdk/lib/googlecloudsdk/core/properties.py", line 2262, in GetOrFail
    return self.Get(required=True)
  File "/Users/leejaehoon/Downloads/google-cloud-sdk/lib/googlecloudsdk/core/properties.py", line 2278, in Get
    value = _GetProperty(self, named_configs.ActivePropertiesFile.Load(),
  File "/Users/leejaehoon/Downloads/google-cloud-sdk/lib/googlecloudsdk/core/properties.py", line 2587, in _GetProperty
    raise RequiredPropertyError(prop, flag=flag_to_use)
googlecloudsdk.core.properties.RequiredPropertyError: The required property [project] is not currently set.
You may set it for your current workspace by running:

  $ gcloud config set project VALUE

or it can be set temporarily by the environment variable [CLOUDSDK_CORE_PROJECT]
2021-03-14 02:03:33,866 ERROR    root            (gcloud.compute.disks.list) The required property [project] is not currently set.
You may set it for your current workspace by running:

  $ gcloud config set project VALUE

or it can be set temporarily by the environment variable [CLOUDSDK_CORE_PROJECT]
2021-03-14 02:03:33,883 DEBUG    root            Metrics reporting process started...
