2021-03-14 02:08:50,726 DEBUG    root            Loaded Command Group: ['gcloud', 'compute']
2021-03-14 02:08:50,729 DEBUG    root            Loaded Command Group: ['gcloud', 'compute', 'disks']
2021-03-14 02:08:50,739 DEBUG    root            Loaded Command Group: ['gcloud', 'compute', 'disks', 'create']
2021-03-14 02:08:50,839 DEBUG    root            Running [gcloud.compute.disks.create] with arguments: [--size: "10737418240", --type: "pd-standard", --zone: "asia-northeast3-a", DISK_NAME:1: "['jaehun-persistent-disk']"]
2021-03-14 02:08:50,846 DEBUG    root            (gcloud.compute.disks.create) The required property [project] is not currently set.
You may set it for your current workspace by running:

  $ gcloud config set project VALUE

or it can be set temporarily by the environment variable [CLOUDSDK_CORE_PROJECT]
Traceback (most recent call last):
  File "/Users/leejaehoon/Downloads/google-cloud-sdk/lib/googlecloudsdk/calliope/cli.py", line 983, in Execute
    resources = calliope_command.Run(cli=self, args=args)
  File "/Users/leejaehoon/Downloads/google-cloud-sdk/lib/googlecloudsdk/calliope/backend.py", line 808, in Run
    resources = command_instance.Run(args)
  File "/Users/leejaehoon/Downloads/google-cloud-sdk/lib/surface/compute/disks/create.py", line 407, in Run
    return self._Run(args, supports_kms_keys=True)
  File "/Users/leejaehoon/Downloads/google-cloud-sdk/lib/surface/compute/disks/create.py", line 428, in _Run
    disk_refs = self.ValidateAndParseDiskRefs(args, compute_holder)
  File "/Users/leejaehoon/Downloads/google-cloud-sdk/lib/surface/compute/disks/create.py", line 272, in ValidateAndParseDiskRefs
    return _ValidateAndParseDiskRefsRegionalReplica(args, compute_holder)
  File "/Users/leejaehoon/Downloads/google-cloud-sdk/lib/surface/compute/disks/create.py", line 668, in _ValidateAndParseDiskRefsRegionalReplica
    disk_refs = Create.disks_arg.ResolveAsResource(
  File "/Users/leejaehoon/Downloads/google-cloud-sdk/lib/googlecloudsdk/command_lib/compute/flags.py", line 836, in ResolveAsResource
    refs = self._resource_resolver.ResolveResources(
  File "/Users/leejaehoon/Downloads/google-cloud-sdk/lib/googlecloudsdk/command_lib/compute/flags.py", line 522, in ResolveResources
    resource_scope_param = self._GetResourceScopeParam(
  File "/Users/leejaehoon/Downloads/google-cloud-sdk/lib/googlecloudsdk/command_lib/compute/flags.py", line 366, in _GetResourceScopeParam
    return api_resource_registry.Parse(
  File "/Users/leejaehoon/Downloads/google-cloud-sdk/lib/googlecloudsdk/core/resources.py", line 1157, in Parse
    return self.ParseResourceId(collection, line, params or {},
  File "/Users/leejaehoon/Downloads/google-cloud-sdk/lib/googlecloudsdk/core/resources.py", line 931, in ParseResourceId
    return parser.ParseResourceId(resource_id, kwargs, base_url, subcollection,
  File "/Users/leejaehoon/Downloads/google-cloud-sdk/lib/googlecloudsdk/core/resources.py", line 304, in ParseResourceId
    param_values[param] = resolver() if callable(resolver) else resolver
  File "/Users/leejaehoon/Downloads/google-cloud-sdk/lib/googlecloudsdk/core/properties.py", line 2262, in GetOrFail
    return self.Get(required=True)
  File "/Users/leejaehoon/Downloads/google-cloud-sdk/lib/googlecloudsdk/core/properties.py", line 2278, in Get
    value = _GetProperty(self, named_configs.ActivePropertiesFile.Load(),
  File "/Users/leejaehoon/Downloads/google-cloud-sdk/lib/googlecloudsdk/core/properties.py", line 2587, in _GetProperty
    raise RequiredPropertyError(prop, flag=flag_to_use)
googlecloudsdk.core.properties.RequiredPropertyError: The required property [project] is not currently set.
You may set it for your current workspace by running:

  $ gcloud config set project VALUE

or it can be set temporarily by the environment variable [CLOUDSDK_CORE_PROJECT]
2021-03-14 02:08:50,859 ERROR    root            (gcloud.compute.disks.create) The required property [project] is not currently set.
You may set it for your current workspace by running:

  $ gcloud config set project VALUE

or it can be set temporarily by the environment variable [CLOUDSDK_CORE_PROJECT]
2021-03-14 02:08:50,872 DEBUG    root            Metrics reporting process started...
