2021-03-14 02:03:22,317 DEBUG    root            Loaded Command Group: ['gcloud', 'compute']
2021-03-14 02:03:22,320 DEBUG    root            Loaded Command Group: ['gcloud', 'compute', 'disks']
2021-03-14 02:03:22,454 DEBUG    root            Loaded Command Group: ['gcloud', 'compute', 'disks', 'remove_iam_policy_binding']
2021-03-14 02:03:22,469 DEBUG    root            Loaded Command Group: ['gcloud', 'compute', 'disks', 'move']
2021-03-14 02:03:22,487 DEBUG    root            Loaded Command Group: ['gcloud', 'compute', 'disks', 'add_iam_policy_binding']
2021-03-14 02:03:22,493 DEBUG    root            Loaded Command Group: ['gcloud', 'compute', 'disks', 'remove_labels']
2021-03-14 02:03:22,495 DEBUG    root            Loaded Command Group: ['gcloud', 'compute', 'disks', 'describe']
2021-03-14 02:03:22,513 DEBUG    root            Loaded Command Group: ['gcloud', 'compute', 'disks', 'get_iam_policy']
2021-03-14 02:03:22,519 DEBUG    root            Loaded Command Group: ['gcloud', 'compute', 'disks', 'remove_resource_policies']
2021-03-14 02:03:22,522 DEBUG    root            Loaded Command Group: ['gcloud', 'compute', 'disks', 'resize']
2021-03-14 02:03:22,525 DEBUG    root            Loaded Command Group: ['gcloud', 'compute', 'disks', 'add_resource_policies']
2021-03-14 02:03:22,542 DEBUG    root            Loaded Command Group: ['gcloud', 'compute', 'disks', 'set_iam_policy']
2021-03-14 02:03:22,547 DEBUG    root            Loaded Command Group: ['gcloud', 'compute', 'disks', 'delete']
2021-03-14 02:03:22,551 DEBUG    root            Loaded Command Group: ['gcloud', 'compute', 'disks', 'create']
2021-03-14 02:03:22,580 DEBUG    root            Loaded Command Group: ['gcloud', 'compute', 'disks', 'snapshot']
2021-03-14 02:03:22,582 DEBUG    root            Loaded Command Group: ['gcloud', 'compute', 'disks', 'add_labels']
2021-03-14 02:03:22,584 DEBUG    root            Loaded Command Group: ['gcloud', 'compute', 'disks', 'list']
2021-03-14 02:03:22,587 DEBUG    root            Loaded Command Group: ['gcloud', 'compute', 'disks', 'update']
2021-03-14 02:03:22,589 ERROR    root            (gcloud.compute.disks) Invalid choice: '-'.
2021-03-14 02:03:22,645 DEBUG    root            Metrics reporting process started...
